{"timestamp": "2026-01-21T12:32:06.711116", "action": "Modification", "passed_user_id": null, "g_has_user": true, "g_user": "1", "auth_header": true, "final_user_id": "1"}
{"timestamp": "2026-01-22T05:42:24.516165", "action": "Connexion", "passed_user_id": "1", "g_has_user": false, "g_user": null, "auth_header": false, "final_user_id": "1"}
{"timestamp": "2026-01-22T06:32:22.230098", "action": "Connexion", "passed_user_id": "1", "g_has_user": false, "g_user": null, "auth_header": false, "final_user_id": "1"}
{"timestamp": "2026-01-22T06:57:19.024795", "action": "Cr\u00e9ation", "passed_user_id": null, "g_has_user": true, "g_user": "1", "auth_header": true, "final_user_id": "1"}
{"timestamp": "2026-01-22T08:02:23.384408", "action": "Cr\u00e9ation", "passed_user_id": null, "g_has_user": true, "g_user": "1", "auth_header": true, "final_user_id": "1"}
{"timestamp": "2026-01-22T08:06:01.098002", "action": "Cr\u00e9ation", "passed_user_id": null, "g_has_user": true, "g_user": "1", "auth_header": true, "final_user_id": "1"}
{"timestamp": "2026-01-22T08:14:55.373056", "action": "Cr\u00e9ation", "passed_user_id": null, "g_has_user": true, "g_user": "1", "auth_header": true, "final_user_id": "1"}
{"timestamp": "2026-01-23T12:38:41.189514", "action": "Modification", "passed_user_id": null, "g_has_user": true, "g_user": "1", "auth_header": true, "final_user_id": "1"}
{"timestamp": "2026-01-26T05:53:18.039245", "action": "Connexion", "passed_user_id": "1", "g_has_user": false, "g_user": null, "auth_header": false, "final_user_id": "1"}
{"timestamp": "2026-01-26T05:55:17.135387", "action": "Connexion", "passed_user_id": "1", "g_has_user": false, "g_user": null, "auth_header": false, "final_user_id": "1"}
{"timestamp": "2026-01-26T06:11:06.114926", "action": "Connexion", "passed_user_id": "1", "g_has_user": false, "g_user": null, "auth_header": false, "final_user_id": "1"}
{"timestamp": "2026-01-26T06:24:05.626538", "action": "Connexion", "passed_user_id": "1", "g_has_user": false, "g_user": null, "auth_header": false, "final_user_id": "1"}
{"timestamp": "2026-01-26T06:47:18.248178", "action": "Suppression", "passed_user_id": null, "g_has_user": true, "g_user": "1", "auth_header": true, "final_user_id": "1"}
{"timestamp": "2026-01-26T07:07:21.854577", "action": "Suppression", "passed_user_id": null, "g_has_user": true, "g_user": "1", "auth_header": true, "final_user_id": "1"}
{"timestamp": "2026-01-26T12:24:01.196795", "action": "Modification", "passed_user_id": null, "g_has_user": true, "g_user": "1", "auth_header": true, "final_user_id": "1"}
{"timestamp": "2026-01-26T12:32:45.181266", "action": "Suppression", "passed_user_id": null, "g_has_user": true, "g_user": "1", "auth_header": true, "final_user_id": "1"}
{"timestamp": "2026-01-26T12:32:55.881217", "action": "Suppression", "passed_user_id": null, "g_has_user": true, "g_user": "1", "auth_header": true, "final_user_id": "1"}
{"timestamp": "2026-01-26T12:36:39.346934", "action": "Cr\u00e9ation", "passed_user_id": null, "g_has_user": true, "g_user": "1", "auth_header": true, "final_user_id": "1"}
{"timestamp": "2026-01-26T13:20:50.367518", "action": "Modification", "passed_user_id": null, "g_has_user": true, "g_user": "1", "auth_header": true, "final_user_id": "1"}
{"timestamp": "2026-01-26T13:21:03.331184", "action": "Suppression", "passed_user_id": null, "g_has_user": true, "g_user": "1", "auth_header": true, "final_user_id": "1"}
{"timestamp": "2026-01-27T10:42:33.761768", "action": "Modification", "passed_user_id": null, "g_has_user": true, "g_user": "1", "auth_header": true, "final_user_id": "1"}
{"timestamp": "2026-01-27T10:48:53.898053", "action": "Cr\u00e9ation", "passed_user_id": null, "g_has_user": true, "g_user": "1", "auth_header": true, "final_user_id": "1"}
{"timestamp": "2026-01-27T10:56:01.560589", "action": "Cr\u00e9ation", "passed_user_id": null, "g_has_user": true, "g_user": "1", "auth_header": true, "final_user_id": "1"}
{"timestamp": "2026-01-27T13:08:01.428351", "action": "Connexion", "passed_user_id": "1", "g_has_user": false, "g_user": null, "auth_header": false, "final_user_id": "1"}
{"timestamp": "2026-01-30T06:52:36.661565", "action": "Connexion", "passed_user_id": "c8047d01-0a45-44c7-9d86-1363a683acea", "g_has_user": false, "g_user": null, "auth_header": false, "final_user_id": "c8047d01-0a45-44c7-9d86-1363a683acea"}
{"timestamp": "2026-01-30T07:28:33.737990", "action": "Modification", "passed_user_id": null, "g_has_user": true, "g_user": "c8047d01-0a45-44c7-9d86-1363a683acea", "auth_header": true, "final_user_id": "c8047d01-0a45-44c7-9d86-1363a683acea"}
{"timestamp": "2026-01-30T07:44:06.173237", "action": "Suppression", "passed_user_id": null, "g_has_user": true, "g_user": "c8047d01-0a45-44c7-9d86-1363a683acea", "auth_header": true, "final_user_id": "c8047d01-0a45-44c7-9d86-1363a683acea"}
{"timestamp": "2026-01-30T08:46:55.635016", "action": "Modification R\u00f4le", "passed_user_id": null, "g_has_user": true, "g_user": "c8047d01-0a45-44c7-9d86-1363a683acea", "auth_header": true, "final_user_id": "c8047d01-0a45-44c7-9d86-1363a683acea"}
{"timestamp": "2026-01-30T08:47:00.465800", "action": "Suppression", "passed_user_id": null, "g_has_user": true, "g_user": "c8047d01-0a45-44c7-9d86-1363a683acea", "auth_header": true, "final_user_id": "c8047d01-0a45-44c7-9d86-1363a683acea"}
{"timestamp": "2026-01-30T08:47:03.065910", "action": "Suppression", "passed_user_id": null, "g_has_user": true, "g_user": "c8047d01-0a45-44c7-9d86-1363a683acea", "auth_header": true, "final_user_id": "c8047d01-0a45-44c7-9d86-1363a683acea"}
{"timestamp": "2026-01-30T08:47:10.973068", "action": "Suppression", "passed_user_id": null, "g_has_user": true, "g_user": "c8047d01-0a45-44c7-9d86-1363a683acea", "auth_header": true, "final_user_id": "c8047d01-0a45-44c7-9d86-1363a683acea"}
{"timestamp": "2026-01-30T11:28:41.522378", "action": "Connexion", "passed_user_id": "c8047d01-0a45-44c7-9d86-1363a683acea", "g_has_user": false, "g_user": null, "auth_header": false, "final_user_id": "c8047d01-0a45-44c7-9d86-1363a683acea"}
{"timestamp": "2026-01-30T11:28:48.776690", "action": "Modification", "passed_user_id": null, "g_has_user": true, "g_user": "c8047d01-0a45-44c7-9d86-1363a683acea", "auth_header": true, "final_user_id": "c8047d01-0a45-44c7-9d86-1363a683acea"}
{"timestamp": "2026-01-30T11:36:04.710133", "action": "Cr\u00e9ation", "passed_user_id": null, "g_has_user": true, "g_user": "c8047d01-0a45-44c7-9d86-1363a683acea", "auth_header": true, "final_user_id": "c8047d01-0a45-44c7-9d86-1363a683acea"}
{"timestamp": "2026-01-30T11:36:09.239934", "action": "Suppression", "passed_user_id": null, "g_has_user": true, "g_user": "c8047d01-0a45-44c7-9d86-1363a683acea", "auth_header": true, "final_user_id": "c8047d01-0a45-44c7-9d86-1363a683acea"}
{"timestamp": "2026-01-30T11:55:05.904788", "action": "Connexion", "passed_user_id": "c8047d01-0a45-44c7-9d86-1363a683acea", "g_has_user": false, "g_user": null, "auth_header": false, "final_user_id": "c8047d01-0a45-44c7-9d86-1363a683acea"}
{"timestamp": "2026-01-30T11:55:21.382437", "action": "Modification R\u00f4le", "passed_user_id": null, "g_has_user": true, "g_user": "c8047d01-0a45-44c7-9d86-1363a683acea", "auth_header": true, "final_user_id": "c8047d01-0a45-44c7-9d86-1363a683acea"}
{"timestamp": "2026-01-30T11:55:58.871098", "action": "Connexion", "passed_user_id": "50d74e39-79d3-4146-a838-9be81d8c66b9", "g_has_user": false, "g_user": null, "auth_header": false, "final_user_id": "50d74e39-79d3-4146-a838-9be81d8c66b9"}
{"timestamp": "2026-01-30T12:20:10.757808", "action": "Connexion", "passed_user_id": "c8047d01-0a45-44c7-9d86-1363a683acea", "g_has_user": false, "g_user": null, "auth_header": false, "final_user_id": "c8047d01-0a45-44c7-9d86-1363a683acea"}
{"timestamp": "2026-01-30T12:30:47.778148", "action": "Connexion", "passed_user_id": "50d74e39-79d3-4146-a838-9be81d8c66b9", "g_has_user": false, "g_user": null, "auth_header": false, "final_user_id": "50d74e39-79d3-4146-a838-9be81d8c66b9"}
{"timestamp": "2026-01-30T12:31:34.055120", "action": "Connexion", "passed_user_id": "c8047d01-0a45-44c7-9d86-1363a683acea", "g_has_user": false, "g_user": null, "auth_header": false, "final_user_id": "c8047d01-0a45-44c7-9d86-1363a683acea"}
{"timestamp": "2026-01-30T12:32:18.675287", "action": "Connexion", "passed_user_id": "50d74e39-79d3-4146-a838-9be81d8c66b9", "g_has_user": false, "g_user": null, "auth_header": false, "final_user_id": "50d74e39-79d3-4146-a838-9be81d8c66b9"}
{"timestamp": "2026-01-30T12:32:43.942673", "action": "Connexion", "passed_user_id": "c8047d01-0a45-44c7-9d86-1363a683acea", "g_has_user": false, "g_user": null, "auth_header": false, "final_user_id": "c8047d01-0a45-44c7-9d86-1363a683acea"}
{"timestamp": "2026-01-30T13:30:16.102389", "action": "Connexion", "passed_user_id": "50d74e39-79d3-4146-a838-9be81d8c66b9", "g_has_user": false, "g_user": null, "auth_header": false, "final_user_id": "50d74e39-79d3-4146-a838-9be81d8c66b9"}
{"timestamp": "2026-01-30T13:37:08.706858", "action": "Connexion", "passed_user_id": "50d74e39-79d3-4146-a838-9be81d8c66b9", "g_has_user": false, "g_user": null, "auth_header": false, "final_user_id": "50d74e39-79d3-4146-a838-9be81d8c66b9"}
{"timestamp": "2026-01-30T13:56:39.196143", "action": "Cr\u00e9ation", "passed_user_id": null, "g_has_user": true, "g_user": "c8047d01-0a45-44c7-9d86-1363a683acea", "auth_header": true, "final_user_id": "c8047d01-0a45-44c7-9d86-1363a683acea"}
{"timestamp": "2026-02-02T11:43:32.976314", "action": "Modification", "passed_user_id": null, "g_has_user": true, "g_user": "c8047d01-0a45-44c7-9d86-1363a683acea", "auth_header": true, "final_user_id": "c8047d01-0a45-44c7-9d86-1363a683acea"}
{"timestamp": "2026-02-02T12:19:58.886290", "action": "Modification", "passed_user_id": null, "g_has_user": true, "g_user": "c8047d01-0a45-44c7-9d86-1363a683acea", "auth_header": true, "final_user_id": "c8047d01-0a45-44c7-9d86-1363a683acea"}
{"timestamp": "2026-02-02T12:45:03.751167", "action": "Modification", "passed_user_id": null, "g_has_user": true, "g_user": "c8047d01-0a45-44c7-9d86-1363a683acea", "auth_header": true, "final_user_id": "c8047d01-0a45-44c7-9d86-1363a683acea"}
{"timestamp": "2026-02-02T12:45:08.622388", "action": "Modification", "passed_user_id": null, "g_has_user": true, "g_user": "c8047d01-0a45-44c7-9d86-1363a683acea", "auth_header": true, "final_user_id": "c8047d01-0a45-44c7-9d86-1363a683acea"}
{"timestamp": "2026-02-03T06:30:09.076882", "action": "Modification", "passed_user_id": null, "g_has_user": true, "g_user": "c8047d01-0a45-44c7-9d86-1363a683acea", "auth_header": true, "final_user_id": "c8047d01-0a45-44c7-9d86-1363a683acea"}
{"timestamp": "2026-02-03T07:27:59.671690", "action": "Modification", "passed_user_id": null, "g_has_user": true, "g_user": "c8047d01-0a45-44c7-9d86-1363a683acea", "auth_header": true, "final_user_id": "c8047d01-0a45-44c7-9d86-1363a683acea"}
{"timestamp": "2026-02-03T07:28:13.998980", "action": "Suppression", "passed_user_id": null, "g_has_user": true, "g_user": "c8047d01-0a45-44c7-9d86-1363a683acea", "auth_header": true, "final_user_id": "c8047d01-0a45-44c7-9d86-1363a683acea"}
{"timestamp": "2026-02-03T08:05:14.263049", "action": "Modification", "passed_user_id": null, "g_has_user": true, "g_user": "c8047d01-0a45-44c7-9d86-1363a683acea", "auth_header": true, "final_user_id": "c8047d01-0a45-44c7-9d86-1363a683acea"}
{"timestamp": "2026-02-03T08:09:24.998638", "action": "Modification", "passed_user_id": null, "g_has_user": true, "g_user": "c8047d01-0a45-44c7-9d86-1363a683acea", "auth_header": true, "final_user_id": "c8047d01-0a45-44c7-9d86-1363a683acea"}
{"timestamp": "2026-02-03T08:13:09.889211", "action": "Modification", "passed_user_id": null, "g_has_user": true, "g_user": "c8047d01-0a45-44c7-9d86-1363a683acea", "auth_header": true, "final_user_id": "c8047d01-0a45-44c7-9d86-1363a683acea"}
{"timestamp": "2026-02-03T08:13:21.463045", "action": "Modification", "passed_user_id": null, "g_has_user": true, "g_user": "c8047d01-0a45-44c7-9d86-1363a683acea", "auth_header": true, "final_user_id": "c8047d01-0a45-44c7-9d86-1363a683acea"}
{"timestamp": "2026-02-03T08:13:32.064351", "action": "Modification", "passed_user_id": null, "g_has_user": true, "g_user": "c8047d01-0a45-44c7-9d86-1363a683acea", "auth_header": true, "final_user_id": "c8047d01-0a45-44c7-9d86-1363a683acea"}
{"timestamp": "2026-02-03T08:36:26.770638", "action": "Suppression", "passed_user_id": null, "g_has_user": true, "g_user": "50d74e39-79d3-4146-a838-9be81d8c66b9", "auth_header": true, "final_user_id": "50d74e39-79d3-4146-a838-9be81d8c66b9"}
{"timestamp": "2026-02-03T08:55:58.711355", "action": "Cr\u00e9ation", "passed_user_id": null, "g_has_user": true, "g_user": "50d74e39-79d3-4146-a838-9be81d8c66b9", "auth_header": true, "final_user_id": "50d74e39-79d3-4146-a838-9be81d8c66b9"}
{"timestamp": "2026-02-03T10:14:40.156812", "action": "Modification", "passed_user_id": null, "g_has_user": true, "g_user": "c8047d01-0a45-44c7-9d86-1363a683acea", "auth_header": true, "final_user_id": "c8047d01-0a45-44c7-9d86-1363a683acea"}
{"timestamp": "2026-02-03T10:39:19.761811", "action": "Modification", "passed_user_id": null, "g_has_user": true, "g_user": "c8047d01-0a45-44c7-9d86-1363a683acea", "auth_header": true, "final_user_id": "c8047d01-0a45-44c7-9d86-1363a683acea"}
{"timestamp": "2026-02-03T11:21:21.973063", "action": "Modification", "passed_user_id": null, "g_has_user": true, "g_user": "c8047d01-0a45-44c7-9d86-1363a683acea", "auth_header": true, "final_user_id": "c8047d01-0a45-44c7-9d86-1363a683acea"}
{"timestamp": "2026-02-03T11:21:46.520794", "action": "Modification", "passed_user_id": null, "g_has_user": true, "g_user": "c8047d01-0a45-44c7-9d86-1363a683acea", "auth_header": true, "final_user_id": "c8047d01-0a45-44c7-9d86-1363a683acea"}
{"timestamp": "2026-02-03T11:21:52.507928", "action": "Modification", "passed_user_id": null, "g_has_user": true, "g_user": "c8047d01-0a45-44c7-9d86-1363a683acea", "auth_header": true, "final_user_id": "c8047d01-0a45-44c7-9d86-1363a683acea"}
{"timestamp": "2026-02-03T11:42:08.741486", "action": "Modification", "passed_user_id": null, "g_has_user": true, "g_user": "c8047d01-0a45-44c7-9d86-1363a683acea", "auth_header": true, "final_user_id": "c8047d01-0a45-44c7-9d86-1363a683acea"}
{"timestamp": "2026-02-03T12:44:33.985973", "action": "Modification", "passed_user_id": null, "g_has_user": true, "g_user": "c8047d01-0a45-44c7-9d86-1363a683acea", "auth_header": true, "final_user_id": "c8047d01-0a45-44c7-9d86-1363a683acea"}
{"timestamp": "2026-02-03T12:44:39.925382", "action": "Modification", "passed_user_id": null, "g_has_user": true, "g_user": "c8047d01-0a45-44c7-9d86-1363a683acea", "auth_header": true, "final_user_id": "c8047d01-0a45-44c7-9d86-1363a683acea"}
{"timestamp": "2026-02-03T12:44:54.313048", "action": "Modification", "passed_user_id": null, "g_has_user": true, "g_user": "c8047d01-0a45-44c7-9d86-1363a683acea", "auth_header": true, "final_user_id": "c8047d01-0a45-44c7-9d86-1363a683acea"}
{"timestamp": "2026-02-03T13:24:44.230772", "action": "Modification", "passed_user_id": null, "g_has_user": true, "g_user": "c8047d01-0a45-44c7-9d86-1363a683acea", "auth_header": true, "final_user_id": "c8047d01-0a45-44c7-9d86-1363a683acea"}
{"timestamp": "2026-02-03T13:30:11.400128", "action": "Modification", "passed_user_id": null, "g_has_user": true, "g_user": "c8047d01-0a45-44c7-9d86-1363a683acea", "auth_header": true, "final_user_id": "c8047d01-0a45-44c7-9d86-1363a683acea"}
{"timestamp": "2026-02-03T13:38:37.097271", "action": "Modification", "passed_user_id": null, "g_has_user": true, "g_user": "c8047d01-0a45-44c7-9d86-1363a683acea", "auth_header": true, "final_user_id": "c8047d01-0a45-44c7-9d86-1363a683acea"}
{"timestamp": "2026-02-03T13:39:52.569059", "action": "Modification", "passed_user_id": null, "g_has_user": true, "g_user": "c8047d01-0a45-44c7-9d86-1363a683acea", "auth_header": true, "final_user_id": "c8047d01-0a45-44c7-9d86-1363a683acea"}
{"timestamp": "2026-02-03T13:42:10.683058", "action": "Modification", "passed_user_id": null, "g_has_user": true, "g_user": "c8047d01-0a45-44c7-9d86-1363a683acea", "auth_header": true, "final_user_id": "c8047d01-0a45-44c7-9d86-1363a683acea"}
{"timestamp": "2026-02-03T13:44:53.233000", "action": "Cr\u00e9ation", "passed_user_id": null, "g_has_user": true, "g_user": "c8047d01-0a45-44c7-9d86-1363a683acea", "auth_header": true, "final_user_id": "c8047d01-0a45-44c7-9d86-1363a683acea"}
{"timestamp": "2026-02-04T05:47:22.115348", "action": "Modification", "passed_user_id": null, "g_has_user": true, "g_user": "c8047d01-0a45-44c7-9d86-1363a683acea", "auth_header": true, "final_user_id": "c8047d01-0a45-44c7-9d86-1363a683acea"}
{"timestamp": "2026-02-04T06:15:23.659237", "action": "Modification", "passed_user_id": null, "g_has_user": false, "g_user": null, "auth_header": true, "manual_user": "c8047d01-0a45-44c7-9d86-1363a683acea", "final_user_id": "c8047d01-0a45-44c7-9d86-1363a683acea"}
{"timestamp": "2026-02-04T08:46:58.735385", "action": "Cr\u00e9ation", "passed_user_id": null, "g_has_user": true, "g_user": "c8047d01-0a45-44c7-9d86-1363a683acea", "auth_header": true, "final_user_id": "c8047d01-0a45-44c7-9d86-1363a683acea"}
{"timestamp": "2026-02-04T10:47:27.018160", "action": "Connexion", "passed_user_id": "50d74e39-79d3-4146-a838-9be81d8c66b9", "g_has_user": false, "g_user": null, "auth_header": false, "final_user_id": "50d74e39-79d3-4146-a838-9be81d8c66b9"}
{"timestamp": "2026-02-04T10:49:11.373563", "action": "Cr\u00e9ation", "passed_user_id": null, "g_has_user": true, "g_user": "50d74e39-79d3-4146-a838-9be81d8c66b9", "auth_header": true, "final_user_id": "50d74e39-79d3-4146-a838-9be81d8c66b9"}
{"timestamp": "2026-02-04T12:39:42.633435", "action": "Cr\u00e9ation", "passed_user_id": null, "g_has_user": true, "g_user": "c8047d01-0a45-44c7-9d86-1363a683acea", "auth_header": true, "final_user_id": "c8047d01-0a45-44c7-9d86-1363a683acea"}
{"timestamp": "2026-02-04T12:45:23.193780", "action": "Cr\u00e9ation", "passed_user_id": null, "g_has_user": true, "g_user": "c8047d01-0a45-44c7-9d86-1363a683acea", "auth_header": true, "final_user_id": "c8047d01-0a45-44c7-9d86-1363a683acea"}
{"timestamp": "2026-02-05T07:48:12.484002", "action": "Modification", "passed_user_id": null, "g_has_user": true, "g_user": "c8047d01-0a45-44c7-9d86-1363a683acea", "auth_header": true, "final_user_id": "c8047d01-0a45-44c7-9d86-1363a683acea"}
{"timestamp": "2026-02-05T07:49:25.267862", "action": "Cr\u00e9ation", "passed_user_id": null, "g_has_user": true, "g_user": "50d74e39-79d3-4146-a838-9be81d8c66b9", "auth_header": true, "final_user_id": "50d74e39-79d3-4146-a838-9be81d8c66b9"}
{"timestamp": "2026-02-05T08:30:58.476152", "action": "D\u00e9connexion", "passed_user_id": "c8047d01-0a45-44c7-9d86-1363a683acea", "g_has_user": true, "g_user": "c8047d01-0a45-44c7-9d86-1363a683acea", "auth_header": true, "final_user_id": "c8047d01-0a45-44c7-9d86-1363a683acea"}
{"timestamp": "2026-02-05T08:33:52.282043", "action": "Connexion", "passed_user_id": "c8047d01-0a45-44c7-9d86-1363a683acea", "g_has_user": false, "g_user": null, "auth_header": false, "final_user_id": "c8047d01-0a45-44c7-9d86-1363a683acea"}
{"timestamp": "2026-02-05T12:59:37.449532", "action": "Modification", "passed_user_id": null, "g_has_user": false, "g_user": null, "auth_header": true, "manual_user": "c8047d01-0a45-44c7-9d86-1363a683acea", "final_user_id": "c8047d01-0a45-44c7-9d86-1363a683acea"}
{"timestamp": "2026-02-05T13:25:05.073906", "action": "Modification", "passed_user_id": null, "g_has_user": false, "g_user": null, "auth_header": true, "manual_user": "c8047d01-0a45-44c7-9d86-1363a683acea", "final_user_id": "c8047d01-0a45-44c7-9d86-1363a683acea"}
{"timestamp": "2026-02-05T13:26:14.725788", "action": "Modification", "passed_user_id": null, "g_has_user": false, "g_user": null, "auth_header": true, "manual_user": "c8047d01-0a45-44c7-9d86-1363a683acea", "final_user_id": "c8047d01-0a45-44c7-9d86-1363a683acea"}
{"timestamp": "2026-02-06T05:45:06.837912", "action": "Modification", "passed_user_id": null, "g_has_user": false, "g_user": null, "auth_header": true, "manual_user": "c8047d01-0a45-44c7-9d86-1363a683acea", "final_user_id": "c8047d01-0a45-44c7-9d86-1363a683acea"}
{"timestamp": "2026-02-06T05:45:59.494434", "action": "Modification", "passed_user_id": null, "g_has_user": false, "g_user": null, "auth_header": true, "manual_user": "c8047d01-0a45-44c7-9d86-1363a683acea", "final_user_id": "c8047d01-0a45-44c7-9d86-1363a683acea"}
{"timestamp": "2026-02-06T05:46:02.893510", "action": "Modification", "passed_user_id": null, "g_has_user": false, "g_user": null, "auth_header": true, "manual_user": "c8047d01-0a45-44c7-9d86-1363a683acea", "final_user_id": "c8047d01-0a45-44c7-9d86-1363a683acea"}
{"timestamp": "2026-02-06T05:46:42.355301", "action": "Modification", "passed_user_id": null, "g_has_user": false, "g_user": null, "auth_header": true, "manual_user": "c8047d01-0a45-44c7-9d86-1363a683acea", "final_user_id": "c8047d01-0a45-44c7-9d86-1363a683acea"}
{"timestamp": "2026-02-06T05:47:26.195417", "action": "Modification", "passed_user_id": null, "g_has_user": false, "g_user": null, "auth_header": true, "manual_user": "c8047d01-0a45-44c7-9d86-1363a683acea", "final_user_id": "c8047d01-0a45-44c7-9d86-1363a683acea"}
{"timestamp": "2026-02-06T05:55:16.975966", "action": "Cr\u00e9ation", "passed_user_id": null, "g_has_user": false, "g_user": null, "auth_header": true, "manual_user": "c8047d01-0a45-44c7-9d86-1363a683acea", "final_user_id": "c8047d01-0a45-44c7-9d86-1363a683acea"}
{"timestamp": "2026-02-06T05:56:58.696318", "action": "Modification", "passed_user_id": null, "g_has_user": false, "g_user": null, "auth_header": true, "manual_user": "c8047d01-0a45-44c7-9d86-1363a683acea", "final_user_id": "c8047d01-0a45-44c7-9d86-1363a683acea"}
{"timestamp": "2026-02-06T05:58:16.920633", "action": "Modification", "passed_user_id": null, "g_has_user": false, "g_user": null, "auth_header": true, "manual_user": "c8047d01-0a45-44c7-9d86-1363a683acea", "final_user_id": "c8047d01-0a45-44c7-9d86-1363a683acea"}
{"timestamp": "2026-02-06T05:58:35.980390", "action": "Modification", "passed_user_id": null, "g_has_user": false, "g_user": null, "auth_header": true, "manual_user": "c8047d01-0a45-44c7-9d86-1363a683acea", "final_user_id": "c8047d01-0a45-44c7-9d86-1363a683acea"}
{"timestamp": "2026-02-06T06:09:26.862048", "action": "Cr\u00e9ation", "passed_user_id": null, "g_has_user": false, "g_user": null, "auth_header": true, "manual_user": "c8047d01-0a45-44c7-9d86-1363a683acea", "final_user_id": "c8047d01-0a45-44c7-9d86-1363a683acea"}
{"timestamp": "2026-02-06T06:34:02.504486", "action": "Cr\u00e9ation", "passed_user_id": null, "g_has_user": false, "g_user": null, "auth_header": true, "manual_user": "c8047d01-0a45-44c7-9d86-1363a683acea", "final_user_id": "c8047d01-0a45-44c7-9d86-1363a683acea"}
{"timestamp": "2026-02-06T06:36:32.638160", "action": "Modification", "passed_user_id": null, "g_has_user": false, "g_user": null, "auth_header": true, "manual_user": "c8047d01-0a45-44c7-9d86-1363a683acea", "final_user_id": "c8047d01-0a45-44c7-9d86-1363a683acea"}
{"timestamp": "2026-02-06T06:38:32.555753", "action": "Cr\u00e9ation", "passed_user_id": null, "g_has_user": true, "g_user": "c8047d01-0a45-44c7-9d86-1363a683acea", "auth_header": true, "final_user_id": "c8047d01-0a45-44c7-9d86-1363a683acea"}
{"timestamp": "2026-02-06T06:42:23.828380", "action": "Cr\u00e9ation", "passed_user_id": null, "g_has_user": true, "g_user": "c8047d01-0a45-44c7-9d86-1363a683acea", "auth_header": true, "final_user_id": "c8047d01-0a45-44c7-9d86-1363a683acea"}
{"timestamp": "2026-02-06T06:43:54.379599", "action": "Modification", "passed_user_id": null, "g_has_user": true, "g_user": "c8047d01-0a45-44c7-9d86-1363a683acea", "auth_header": true, "final_user_id": "c8047d01-0a45-44c7-9d86-1363a683acea"}
{"timestamp": "2026-02-06T06:44:22.529180", "action": "Modification", "passed_user_id": null, "g_has_user": true, "g_user": "c8047d01-0a45-44c7-9d86-1363a683acea", "auth_header": true, "final_user_id": "c8047d01-0a45-44c7-9d86-1363a683acea"}
{"timestamp": "2026-02-06T06:44:36.504221", "action": "Suppression", "passed_user_id": null, "g_has_user": true, "g_user": "c8047d01-0a45-44c7-9d86-1363a683acea", "auth_header": true, "final_user_id": "c8047d01-0a45-44c7-9d86-1363a683acea"}
{"timestamp": "2026-02-06T07:12:40.818854", "action": "Cr\u00e9ation", "passed_user_id": null, "g_has_user": false, "g_user": null, "auth_header": true, "manual_user": "c8047d01-0a45-44c7-9d86-1363a683acea", "final_user_id": "c8047d01-0a45-44c7-9d86-1363a683acea"}
{"timestamp": "2026-02-06T11:41:43.844897", "action": "Cr\u00e9ation", "passed_user_id": null, "g_has_user": true, "g_user": "50d74e39-79d3-4146-a838-9be81d8c66b9", "auth_header": true, "final_user_id": "50d74e39-79d3-4146-a838-9be81d8c66b9"}
{"timestamp": "2026-02-06T11:42:30.080365", "action": "Modification", "passed_user_id": null, "g_has_user": true, "g_user": "c8047d01-0a45-44c7-9d86-1363a683acea", "auth_header": true, "final_user_id": "c8047d01-0a45-44c7-9d86-1363a683acea"}
{"timestamp": "2026-02-06T11:43:01.166432", "action": "Modification", "passed_user_id": null, "g_has_user": true, "g_user": "c8047d01-0a45-44c7-9d86-1363a683acea", "auth_header": true, "final_user_id": "c8047d01-0a45-44c7-9d86-1363a683acea"}
{"timestamp": "2026-02-06T11:43:06.903518", "action": "Modification", "passed_user_id": null, "g_has_user": true, "g_user": "c8047d01-0a45-44c7-9d86-1363a683acea", "auth_header": true, "final_user_id": "c8047d01-0a45-44c7-9d86-1363a683acea"}
{"timestamp": "2026-02-06T11:44:56.360975", "action": "Modification", "passed_user_id": null, "g_has_user": true, "g_user": "c8047d01-0a45-44c7-9d86-1363a683acea", "auth_header": true, "final_user_id": "c8047d01-0a45-44c7-9d86-1363a683acea"}
{"timestamp": "2026-02-06T11:50:37.394865", "action": "Cr\u00e9ation", "passed_user_id": null, "g_has_user": false, "g_user": null, "auth_header": true, "manual_user": "c8047d01-0a45-44c7-9d86-1363a683acea", "final_user_id": "c8047d01-0a45-44c7-9d86-1363a683acea"}
{"timestamp": "2026-02-06T12:01:26.574311", "action": "Cr\u00e9ation", "passed_user_id": null, "g_has_user": true, "g_user": "50d74e39-79d3-4146-a838-9be81d8c66b9", "auth_header": true, "final_user_id": "50d74e39-79d3-4146-a838-9be81d8c66b9"}
{"timestamp": "2026-02-06T12:06:06.733133", "action": "Cr\u00e9ation", "passed_user_id": null, "g_has_user": true, "g_user": "50d74e39-79d3-4146-a838-9be81d8c66b9", "auth_header": true, "final_user_id": "50d74e39-79d3-4146-a838-9be81d8c66b9"}
{"timestamp": "2026-02-06T12:08:50.482201", "action": "Modification", "passed_user_id": null, "g_has_user": true, "g_user": "c8047d01-0a45-44c7-9d86-1363a683acea", "auth_header": true, "final_user_id": "c8047d01-0a45-44c7-9d86-1363a683acea"}
{"timestamp": "2026-02-06T12:09:14.364906", "action": "Modification", "passed_user_id": null, "g_has_user": true, "g_user": "c8047d01-0a45-44c7-9d86-1363a683acea", "auth_header": true, "final_user_id": "c8047d01-0a45-44c7-9d86-1363a683acea"}
{"timestamp": "2026-02-06T12:09:28.160531", "action": "Modification", "passed_user_id": null, "g_has_user": true, "g_user": "c8047d01-0a45-44c7-9d86-1363a683acea", "auth_header": true, "final_user_id": "c8047d01-0a45-44c7-9d86-1363a683acea"}
{"timestamp": "2026-02-06T12:09:31.318896", "action": "Modification", "passed_user_id": null, "g_has_user": true, "g_user": "c8047d01-0a45-44c7-9d86-1363a683acea", "auth_header": true, "final_user_id": "c8047d01-0a45-44c7-9d86-1363a683acea"}
{"timestamp": "2026-02-06T12:22:55.961594", "action": "D\u00e9connexion", "passed_user_id": "c8047d01-0a45-44c7-9d86-1363a683acea", "g_has_user": true, "g_user": "c8047d01-0a45-44c7-9d86-1363a683acea", "auth_header": true, "final_user_id": "c8047d01-0a45-44c7-9d86-1363a683acea"}
{"timestamp": "2026-02-06T12:57:40.282925", "action": "Connexion", "passed_user_id": "c8047d01-0a45-44c7-9d86-1363a683acea", "g_has_user": false, "g_user": null, "auth_header": false, "final_user_id": "c8047d01-0a45-44c7-9d86-1363a683acea"}
{"timestamp": "2026-02-06T13:05:29.492204", "action": "Cr\u00e9ation", "passed_user_id": null, "g_has_user": false, "g_user": null, "auth_header": false, "final_user_id": null}
{"timestamp": "2026-02-06T13:05:29.980331", "action": "Cr\u00e9ation", "passed_user_id": null, "g_has_user": false, "g_user": null, "auth_header": false, "final_user_id": null}
{"timestamp": "2026-02-06T13:57:21.238556", "action": "Cr\u00e9ation", "passed_user_id": null, "g_has_user": true, "g_user": "50d74e39-79d3-4146-a838-9be81d8c66b9", "auth_header": true, "final_user_id": "50d74e39-79d3-4146-a838-9be81d8c66b9"}
{"timestamp": "2026-02-06T13:58:05.287461", "action": "Modification", "passed_user_id": null, "g_has_user": true, "g_user": "c8047d01-0a45-44c7-9d86-1363a683acea", "auth_header": true, "final_user_id": "c8047d01-0a45-44c7-9d86-1363a683acea"}
{"timestamp": "2026-02-09T06:14:31.296545", "action": "Connexion", "passed_user_id": "c8047d01-0a45-44c7-9d86-1363a683acea", "g_has_user": false, "g_user": null, "auth_header": false, "final_user_id": "c8047d01-0a45-44c7-9d86-1363a683acea"}
{"timestamp": "2026-02-09T06:15:04.315973", "action": "Modification", "passed_user_id": null, "g_has_user": true, "g_user": "c8047d01-0a45-44c7-9d86-1363a683acea", "auth_header": true, "final_user_id": "c8047d01-0a45-44c7-9d86-1363a683acea"}
{"timestamp": "2026-02-09T06:15:13.938562", "action": "Modification", "passed_user_id": null, "g_has_user": true, "g_user": "c8047d01-0a45-44c7-9d86-1363a683acea", "auth_header": true, "final_user_id": "c8047d01-0a45-44c7-9d86-1363a683acea"}
{"timestamp": "2026-02-09T06:15:43.593891", "action": "Modification", "passed_user_id": null, "g_has_user": true, "g_user": "c8047d01-0a45-44c7-9d86-1363a683acea", "auth_header": true, "final_user_id": "c8047d01-0a45-44c7-9d86-1363a683acea"}
{"timestamp": "2026-02-09T06:17:40.172572", "action": "Cr\u00e9ation", "passed_user_id": null, "g_has_user": true, "g_user": "50d74e39-79d3-4146-a838-9be81d8c66b9", "auth_header": true, "final_user_id": "50d74e39-79d3-4146-a838-9be81d8c66b9"}
{"timestamp": "2026-02-09T06:18:04.213535", "action": "Modification", "passed_user_id": null, "g_has_user": true, "g_user": "c8047d01-0a45-44c7-9d86-1363a683acea", "auth_header": true, "final_user_id": "c8047d01-0a45-44c7-9d86-1363a683acea"}
{"timestamp": "2026-02-09T06:18:23.182827", "action": "Modification", "passed_user_id": null, "g_has_user": true, "g_user": "c8047d01-0a45-44c7-9d86-1363a683acea", "auth_header": true, "final_user_id": "c8047d01-0a45-44c7-9d86-1363a683acea"}
{"timestamp": "2026-02-09T06:20:09.796294", "action": "Cr\u00e9ation", "passed_user_id": null, "g_has_user": true, "g_user": "50d74e39-79d3-4146-a838-9be81d8c66b9", "auth_header": true, "final_user_id": "50d74e39-79d3-4146-a838-9be81d8c66b9"}
{"timestamp": "2026-02-09T06:21:55.318016", "action": "Modification", "passed_user_id": null, "g_has_user": true, "g_user": "c8047d01-0a45-44c7-9d86-1363a683acea", "auth_header": true, "final_user_id": "c8047d01-0a45-44c7-9d86-1363a683acea"}
{"timestamp": "2026-02-09T06:24:12.088825", "action": "Cr\u00e9ation", "passed_user_id": null, "g_has_user": true, "g_user": "50d74e39-79d3-4146-a838-9be81d8c66b9", "auth_header": true, "final_user_id": "50d74e39-79d3-4146-a838-9be81d8c66b9"}
{"timestamp": "2026-02-09T06:24:29.828114", "action": "Modification", "passed_user_id": null, "g_has_user": true, "g_user": "c8047d01-0a45-44c7-9d86-1363a683acea", "auth_header": true, "final_user_id": "c8047d01-0a45-44c7-9d86-1363a683acea"}
{"timestamp": "2026-02-09T06:33:31.606721", "action": "Cr\u00e9ation", "passed_user_id": null, "g_has_user": true, "g_user": "50d74e39-79d3-4146-a838-9be81d8c66b9", "auth_header": true, "final_user_id": "50d74e39-79d3-4146-a838-9be81d8c66b9"}
{"timestamp": "2026-02-09T06:34:07.304614", "action": "Connexion", "passed_user_id": "c8047d01-0a45-44c7-9d86-1363a683acea", "g_has_user": false, "g_user": null, "auth_header": false, "final_user_id": "c8047d01-0a45-44c7-9d86-1363a683acea"}
{"timestamp": "2026-02-09T06:34:13.612017", "action": "Modification", "passed_user_id": null, "g_has_user": true, "g_user": "c8047d01-0a45-44c7-9d86-1363a683acea", "auth_header": true, "final_user_id": "c8047d01-0a45-44c7-9d86-1363a683acea"}
{"timestamp": "2026-02-09T06:34:21.600398", "action": "Modification", "passed_user_id": null, "g_has_user": true, "g_user": "c8047d01-0a45-44c7-9d86-1363a683acea", "auth_header": true, "final_user_id": "c8047d01-0a45-44c7-9d86-1363a683acea"}
{"timestamp": "2026-02-09T06:35:27.747457", "action": "Modification", "passed_user_id": null, "g_has_user": true, "g_user": "c8047d01-0a45-44c7-9d86-1363a683acea", "auth_header": true, "final_user_id": "c8047d01-0a45-44c7-9d86-1363a683acea"}
{"timestamp": "2026-02-09T06:35:41.062246", "action": "Modification", "passed_user_id": null, "g_has_user": true, "g_user": "c8047d01-0a45-44c7-9d86-1363a683acea", "auth_header": true, "final_user_id": "c8047d01-0a45-44c7-9d86-1363a683acea"}
{"timestamp": "2026-02-09T06:39:29.857968", "action": "Connexion", "passed_user_id": "c8047d01-0a45-44c7-9d86-1363a683acea", "g_has_user": false, "g_user": null, "auth_header": false, "final_user_id": "c8047d01-0a45-44c7-9d86-1363a683acea"}
{"timestamp": "2026-02-09T06:39:39.666594", "action": "Suppression", "passed_user_id": null, "g_has_user": true, "g_user": "c8047d01-0a45-44c7-9d86-1363a683acea", "auth_header": true, "final_user_id": "c8047d01-0a45-44c7-9d86-1363a683acea"}
{"timestamp": "2026-02-09T06:40:34.098025", "action": "Cr\u00e9ation", "passed_user_id": null, "g_has_user": true, "g_user": "50d74e39-79d3-4146-a838-9be81d8c66b9", "auth_header": true, "final_user_id": "50d74e39-79d3-4146-a838-9be81d8c66b9"}
{"timestamp": "2026-02-09T06:40:45.260498", "action": "Modification", "passed_user_id": null, "g_has_user": true, "g_user": "c8047d01-0a45-44c7-9d86-1363a683acea", "auth_header": true, "final_user_id": "c8047d01-0a45-44c7-9d86-1363a683acea"}
{"timestamp": "2026-02-09T06:40:52.997652", "action": "Modification", "passed_user_id": null, "g_has_user": true, "g_user": "c8047d01-0a45-44c7-9d86-1363a683acea", "auth_header": true, "final_user_id": "c8047d01-0a45-44c7-9d86-1363a683acea"}
{"timestamp": "2026-02-09T06:44:57.556586", "action": "Modification", "passed_user_id": null, "g_has_user": true, "g_user": "c8047d01-0a45-44c7-9d86-1363a683acea", "auth_header": true, "final_user_id": "c8047d01-0a45-44c7-9d86-1363a683acea"}
{"timestamp": "2026-02-09T06:46:23.982445", "action": "Cr\u00e9ation", "passed_user_id": null, "g_has_user": true, "g_user": "50d74e39-79d3-4146-a838-9be81d8c66b9", "auth_header": true, "final_user_id": "50d74e39-79d3-4146-a838-9be81d8c66b9"}
{"timestamp": "2026-02-09T06:56:14.203034", "action": "Cr\u00e9ation", "passed_user_id": null, "g_has_user": true, "g_user": "50d74e39-79d3-4146-a838-9be81d8c66b9", "auth_header": true, "final_user_id": "50d74e39-79d3-4146-a838-9be81d8c66b9"}
{"timestamp": "2026-02-09T06:59:32.951397", "action": "Cr\u00e9ation", "passed_user_id": null, "g_has_user": true, "g_user": "50d74e39-79d3-4146-a838-9be81d8c66b9", "auth_header": true, "final_user_id": "50d74e39-79d3-4146-a838-9be81d8c66b9"}
{"timestamp": "2026-02-09T07:02:36.078941", "action": "Cr\u00e9ation", "passed_user_id": null, "g_has_user": true, "g_user": "50d74e39-79d3-4146-a838-9be81d8c66b9", "auth_header": true, "final_user_id": "50d74e39-79d3-4146-a838-9be81d8c66b9"}
{"timestamp": "2026-02-09T07:08:17.865187", "action": "Cr\u00e9ation", "passed_user_id": null, "g_has_user": true, "g_user": "50d74e39-79d3-4146-a838-9be81d8c66b9", "auth_header": true, "final_user_id": "50d74e39-79d3-4146-a838-9be81d8c66b9"}
{"timestamp": "2026-02-09T07:14:14.507515", "action": "Cr\u00e9ation", "passed_user_id": null, "g_has_user": true, "g_user": "50d74e39-79d3-4146-a838-9be81d8c66b9", "auth_header": true, "final_user_id": "50d74e39-79d3-4146-a838-9be81d8c66b9"}
{"timestamp": "2026-02-09T07:17:42.003842", "action": "Cr\u00e9ation", "passed_user_id": null, "g_has_user": true, "g_user": "50d74e39-79d3-4146-a838-9be81d8c66b9", "auth_header": true, "final_user_id": "50d74e39-79d3-4146-a838-9be81d8c66b9"}
{"timestamp": "2026-02-09T07:17:56.190513", "action": "Changement Statut", "passed_user_id": null, "g_has_user": true, "g_user": "c8047d01-0a45-44c7-9d86-1363a683acea", "auth_header": true, "final_user_id": "c8047d01-0a45-44c7-9d86-1363a683acea"}
{"timestamp": "2026-02-09T07:18:01.019824", "action": "Changement Statut", "passed_user_id": null, "g_has_user": true, "g_user": "c8047d01-0a45-44c7-9d86-1363a683acea", "auth_header": true, "final_user_id": "c8047d01-0a45-44c7-9d86-1363a683acea"}
{"timestamp": "2026-02-09T07:18:43.960074", "action": "Cr\u00e9ation", "passed_user_id": null, "g_has_user": true, "g_user": "50d74e39-79d3-4146-a838-9be81d8c66b9", "auth_header": true, "final_user_id": "50d74e39-79d3-4146-a838-9be81d8c66b9"}
{"timestamp": "2026-02-09T07:18:53.388867", "action": "Changement Statut", "passed_user_id": null, "g_has_user": true, "g_user": "c8047d01-0a45-44c7-9d86-1363a683acea", "auth_header": true, "final_user_id": "c8047d01-0a45-44c7-9d86-1363a683acea"}
{"timestamp": "2026-02-09T07:18:55.909153", "action": "Changement Statut", "passed_user_id": null, "g_has_user": true, "g_user": "c8047d01-0a45-44c7-9d86-1363a683acea", "auth_header": true, "final_user_id": "c8047d01-0a45-44c7-9d86-1363a683acea"}
{"timestamp": "2026-02-09T07:19:43.323981", "action": "Changement Statut", "passed_user_id": null, "g_has_user": true, "g_user": "c8047d01-0a45-44c7-9d86-1363a683acea", "auth_header": true, "final_user_id": "c8047d01-0a45-44c7-9d86-1363a683acea"}
{"timestamp": "2026-02-09T07:20:05.906520", "action": "Changement Statut", "passed_user_id": null, "g_has_user": true, "g_user": "c8047d01-0a45-44c7-9d86-1363a683acea", "auth_header": true, "final_user_id": "c8047d01-0a45-44c7-9d86-1363a683acea"}
{"timestamp": "2026-02-09T07:24:29.726840", "action": "Changement Statut", "passed_user_id": null, "g_has_user": true, "g_user": "c8047d01-0a45-44c7-9d86-1363a683acea", "auth_header": true, "final_user_id": "c8047d01-0a45-44c7-9d86-1363a683acea"}
{"timestamp": "2026-02-09T07:24:40.683813", "action": "Changement Statut", "passed_user_id": null, "g_has_user": true, "g_user": "c8047d01-0a45-44c7-9d86-1363a683acea", "auth_header": true, "final_user_id": "c8047d01-0a45-44c7-9d86-1363a683acea"}
{"timestamp": "2026-02-09T07:24:50.067551", "action": "Changement Statut", "passed_user_id": null, "g_has_user": true, "g_user": "c8047d01-0a45-44c7-9d86-1363a683acea", "auth_header": true, "final_user_id": "c8047d01-0a45-44c7-9d86-1363a683acea"}
{"timestamp": "2026-02-09T07:24:59.314331", "action": "Changement Statut", "passed_user_id": null, "g_has_user": true, "g_user": "c8047d01-0a45-44c7-9d86-1363a683acea", "auth_header": true, "final_user_id": "c8047d01-0a45-44c7-9d86-1363a683acea"}
{"timestamp": "2026-02-09T07:25:24.122053", "action": "Changement Statut", "passed_user_id": null, "g_has_user": true, "g_user": "c8047d01-0a45-44c7-9d86-1363a683acea", "auth_header": true, "final_user_id": "c8047d01-0a45-44c7-9d86-1363a683acea"}
{"timestamp": "2026-02-09T07:31:40.147391", "action": "Changement Statut", "passed_user_id": null, "g_has_user": true, "g_user": "c8047d01-0a45-44c7-9d86-1363a683acea", "auth_header": true, "final_user_id": "c8047d01-0a45-44c7-9d86-1363a683acea"}
{"timestamp": "2026-02-09T07:31:56.265733", "action": "Changement Statut", "passed_user_id": null, "g_has_user": true, "g_user": "c8047d01-0a45-44c7-9d86-1363a683acea", "auth_header": true, "final_user_id": "c8047d01-0a45-44c7-9d86-1363a683acea"}
{"timestamp": "2026-02-09T07:32:55.767768", "action": "Cr\u00e9ation", "passed_user_id": null, "g_has_user": true, "g_user": "50d74e39-79d3-4146-a838-9be81d8c66b9", "auth_header": true, "final_user_id": "50d74e39-79d3-4146-a838-9be81d8c66b9"}
{"timestamp": "2026-02-09T07:33:09.612893", "action": "Changement Statut", "passed_user_id": null, "g_has_user": true, "g_user": "c8047d01-0a45-44c7-9d86-1363a683acea", "auth_header": true, "final_user_id": "c8047d01-0a45-44c7-9d86-1363a683acea"}
{"timestamp": "2026-02-09T07:33:12.600665", "action": "Changement Statut", "passed_user_id": null, "g_has_user": true, "g_user": "c8047d01-0a45-44c7-9d86-1363a683acea", "auth_header": true, "final_user_id": "c8047d01-0a45-44c7-9d86-1363a683acea"}
{"timestamp": "2026-02-09T07:33:23.075063", "action": "Changement Statut", "passed_user_id": null, "g_has_user": true, "g_user": "c8047d01-0a45-44c7-9d86-1363a683acea", "auth_header": true, "final_user_id": "c8047d01-0a45-44c7-9d86-1363a683acea"}
{"timestamp": "2026-02-09T07:34:22.046114", "action": "Cr\u00e9ation", "passed_user_id": null, "g_has_user": true, "g_user": "50d74e39-79d3-4146-a838-9be81d8c66b9", "auth_header": true, "final_user_id": "50d74e39-79d3-4146-a838-9be81d8c66b9"}
{"timestamp": "2026-02-09T07:34:34.607862", "action": "Changement Statut", "passed_user_id": null, "g_has_user": true, "g_user": "c8047d01-0a45-44c7-9d86-1363a683acea", "auth_header": true, "final_user_id": "c8047d01-0a45-44c7-9d86-1363a683acea"}
{"timestamp": "2026-02-09T07:34:36.823271", "action": "Changement Statut", "passed_user_id": null, "g_has_user": true, "g_user": "c8047d01-0a45-44c7-9d86-1363a683acea", "auth_header": true, "final_user_id": "c8047d01-0a45-44c7-9d86-1363a683acea"}
{"timestamp": "2026-02-09T07:34:50.880219", "action": "Changement Statut", "passed_user_id": null, "g_has_user": true, "g_user": "c8047d01-0a45-44c7-9d86-1363a683acea", "auth_header": true, "final_user_id": "c8047d01-0a45-44c7-9d86-1363a683acea"}
{"timestamp": "2026-02-09T07:35:54.552390", "action": "Cr\u00e9ation", "passed_user_id": null, "g_has_user": true, "g_user": "50d74e39-79d3-4146-a838-9be81d8c66b9", "auth_header": true, "final_user_id": "50d74e39-79d3-4146-a838-9be81d8c66b9"}
{"timestamp": "2026-02-09T07:36:03.378388", "action": "Changement Statut", "passed_user_id": null, "g_has_user": true, "g_user": "c8047d01-0a45-44c7-9d86-1363a683acea", "auth_header": true, "final_user_id": "c8047d01-0a45-44c7-9d86-1363a683acea"}
{"timestamp": "2026-02-09T07:36:07.297118", "action": "Changement Statut", "passed_user_id": null, "g_has_user": true, "g_user": "c8047d01-0a45-44c7-9d86-1363a683acea", "auth_header": true, "final_user_id": "c8047d01-0a45-44c7-9d86-1363a683acea"}
{"timestamp": "2026-02-09T07:49:20.117656", "action": "Cr\u00e9ation", "passed_user_id": null, "g_has_user": true, "g_user": "50d74e39-79d3-4146-a838-9be81d8c66b9", "auth_header": true, "final_user_id": "50d74e39-79d3-4146-a838-9be81d8c66b9"}
{"timestamp": "2026-02-09T07:49:42.810330", "action": "Modification", "passed_user_id": null, "g_has_user": true, "g_user": "c8047d01-0a45-44c7-9d86-1363a683acea", "auth_header": true, "final_user_id": "c8047d01-0a45-44c7-9d86-1363a683acea"}
{"timestamp": "2026-02-09T07:49:56.289079", "action": "Modification", "passed_user_id": null, "g_has_user": true, "g_user": "c8047d01-0a45-44c7-9d86-1363a683acea", "auth_header": true, "final_user_id": "c8047d01-0a45-44c7-9d86-1363a683acea"}
{"timestamp": "2026-02-09T10:35:20.717365", "action": "Cr\u00e9ation", "passed_user_id": null, "g_has_user": true, "g_user": "50d74e39-79d3-4146-a838-9be81d8c66b9", "auth_header": true, "final_user_id": "50d74e39-79d3-4146-a838-9be81d8c66b9"}
{"timestamp": "2026-02-09T10:35:40.309130", "action": "Changement Statut", "passed_user_id": null, "g_has_user": true, "g_user": "50d74e39-79d3-4146-a838-9be81d8c66b9", "auth_header": true, "final_user_id": "50d74e39-79d3-4146-a838-9be81d8c66b9"}
{"timestamp": "2026-02-09T10:37:45.100378", "action": "Changement Statut", "passed_user_id": null, "g_has_user": true, "g_user": "c8047d01-0a45-44c7-9d86-1363a683acea", "auth_header": true, "final_user_id": "c8047d01-0a45-44c7-9d86-1363a683acea"}
{"timestamp": "2026-02-09T10:38:01.839878", "action": "Changement Statut", "passed_user_id": null, "g_has_user": true, "g_user": "c8047d01-0a45-44c7-9d86-1363a683acea", "auth_header": true, "final_user_id": "c8047d01-0a45-44c7-9d86-1363a683acea"}
{"timestamp": "2026-02-09T10:40:38.024300", "action": "D\u00e9connexion", "passed_user_id": "50d74e39-79d3-4146-a838-9be81d8c66b9", "g_has_user": true, "g_user": "50d74e39-79d3-4146-a838-9be81d8c66b9", "auth_header": true, "final_user_id": "50d74e39-79d3-4146-a838-9be81d8c66b9"}
{"timestamp": "2026-02-09T10:41:03.602951", "action": "Connexion", "passed_user_id": "50d74e39-79d3-4146-a838-9be81d8c66b9", "g_has_user": false, "g_user": null, "auth_header": false, "final_user_id": "50d74e39-79d3-4146-a838-9be81d8c66b9"}
{"timestamp": "2026-02-09T10:42:21.132458", "action": "Cr\u00e9ation", "passed_user_id": null, "g_has_user": true, "g_user": "50d74e39-79d3-4146-a838-9be81d8c66b9", "auth_header": true, "final_user_id": "50d74e39-79d3-4146-a838-9be81d8c66b9"}
{"timestamp": "2026-02-09T10:55:04.807596", "action": "Changement Statut", "passed_user_id": null, "g_has_user": true, "g_user": "50d74e39-79d3-4146-a838-9be81d8c66b9", "auth_header": true, "final_user_id": "50d74e39-79d3-4146-a838-9be81d8c66b9"}
{"timestamp": "2026-02-09T11:04:47.908633", "action": "Changement Statut", "passed_user_id": null, "g_has_user": true, "g_user": "c8047d01-0a45-44c7-9d86-1363a683acea", "auth_header": true, "final_user_id": "c8047d01-0a45-44c7-9d86-1363a683acea"}
{"timestamp": "2026-02-09T11:51:58.653885", "action": "Cr\u00e9ation", "passed_user_id": null, "g_has_user": true, "g_user": "50d74e39-79d3-4146-a838-9be81d8c66b9", "auth_header": true, "final_user_id": "50d74e39-79d3-4146-a838-9be81d8c66b9"}
{"timestamp": "2026-02-09T12:08:03.134887", "action": "Changement Statut", "passed_user_id": null, "g_has_user": true, "g_user": "c8047d01-0a45-44c7-9d86-1363a683acea", "auth_header": true, "final_user_id": "c8047d01-0a45-44c7-9d86-1363a683acea"}
{"timestamp": "2026-02-09T12:08:06.877842", "action": "Changement Statut", "passed_user_id": null, "g_has_user": true, "g_user": "c8047d01-0a45-44c7-9d86-1363a683acea", "auth_header": true, "final_user_id": "c8047d01-0a45-44c7-9d86-1363a683acea"}
{"timestamp": "2026-02-10T05:49:56.476547", "action": "Modification", "passed_user_id": null, "g_has_user": false, "g_user": null, "auth_header": true, "manual_user": "c8047d01-0a45-44c7-9d86-1363a683acea", "final_user_id": "c8047d01-0a45-44c7-9d86-1363a683acea"}
{"timestamp": "2026-02-10T06:29:10.619449", "action": "Cr\u00e9ation", "passed_user_id": null, "g_has_user": true, "g_user": "50d74e39-79d3-4146-a838-9be81d8c66b9", "auth_header": true, "final_user_id": "50d74e39-79d3-4146-a838-9be81d8c66b9"}
{"timestamp": "2026-02-10T06:29:42.970078", "action": "Changement Statut", "passed_user_id": null, "g_has_user": true, "g_user": "c8047d01-0a45-44c7-9d86-1363a683acea", "auth_header": true, "final_user_id": "c8047d01-0a45-44c7-9d86-1363a683acea"}
{"timestamp": "2026-02-10T06:30:35.794982", "action": "Cr\u00e9ation", "passed_user_id": null, "g_has_user": true, "g_user": "50d74e39-79d3-4146-a838-9be81d8c66b9", "auth_header": true, "final_user_id": "50d74e39-79d3-4146-a838-9be81d8c66b9"}
{"timestamp": "2026-02-10T06:32:16.465187", "action": "Suppression", "passed_user_id": null, "g_has_user": true, "g_user": "50d74e39-79d3-4146-a838-9be81d8c66b9", "auth_header": true, "final_user_id": "50d74e39-79d3-4146-a838-9be81d8c66b9"}
{"timestamp": "2026-02-10T06:32:20.739426", "action": "Changement Statut", "passed_user_id": null, "g_has_user": true, "g_user": "50d74e39-79d3-4146-a838-9be81d8c66b9", "auth_header": true, "final_user_id": "50d74e39-79d3-4146-a838-9be81d8c66b9"}
{"timestamp": "2026-02-10T06:32:53.802810", "action": "Cr\u00e9ation", "passed_user_id": null, "g_has_user": true, "g_user": "50d74e39-79d3-4146-a838-9be81d8c66b9", "auth_header": true, "final_user_id": "50d74e39-79d3-4146-a838-9be81d8c66b9"}
{"timestamp": "2026-02-10T06:35:27.896171", "action": "Cr\u00e9ation", "passed_user_id": null, "g_has_user": true, "g_user": "ba7f23ba-9b0a-4a7e-9dfe-b631bcd1a19f", "auth_header": true, "final_user_id": "ba7f23ba-9b0a-4a7e-9dfe-b631bcd1a19f"}
{"timestamp": "2026-02-10T06:35:51.246754", "action": "Suppression", "passed_user_id": null, "g_has_user": true, "g_user": "c8047d01-0a45-44c7-9d86-1363a683acea", "auth_header": true, "final_user_id": "c8047d01-0a45-44c7-9d86-1363a683acea"}
{"timestamp": "2026-02-10T06:35:56.496573", "action": "Suppression", "passed_user_id": null, "g_has_user": true, "g_user": "c8047d01-0a45-44c7-9d86-1363a683acea", "auth_header": true, "final_user_id": "c8047d01-0a45-44c7-9d86-1363a683acea"}
{"timestamp": "2026-02-10T06:36:01.252591", "action": "Suppression", "passed_user_id": null, "g_has_user": true, "g_user": "c8047d01-0a45-44c7-9d86-1363a683acea", "auth_header": true, "final_user_id": "c8047d01-0a45-44c7-9d86-1363a683acea"}
{"timestamp": "2026-02-10T06:38:10.982045", "action": "Suppression", "passed_user_id": null, "g_has_user": true, "g_user": "c8047d01-0a45-44c7-9d86-1363a683acea", "auth_header": true, "final_user_id": "c8047d01-0a45-44c7-9d86-1363a683acea"}
{"timestamp": "2026-02-10T06:49:57.937033", "action": "Cr\u00e9ation", "passed_user_id": null, "g_has_user": true, "g_user": "e4876892-72d5-412d-b110-1363d5486e22", "auth_header": true, "final_user_id": "e4876892-72d5-412d-b110-1363d5486e22"}
{"timestamp": "2026-02-10T06:49:58.005328", "action": "Changement Statut", "passed_user_id": null, "g_has_user": true, "g_user": "e4876892-72d5-412d-b110-1363d5486e22", "auth_header": true, "final_user_id": "e4876892-72d5-412d-b110-1363d5486e22"}
{"timestamp": "2026-02-10T06:49:58.049931", "action": "Cr\u00e9ation", "passed_user_id": null, "g_has_user": true, "g_user": "e4876892-72d5-412d-b110-1363d5486e22", "auth_header": true, "final_user_id": "e4876892-72d5-412d-b110-1363d5486e22"}
{"timestamp": "2026-02-10T06:49:58.070835", "action": "Suppression", "passed_user_id": null, "g_has_user": true, "g_user": "e4876892-72d5-412d-b110-1363d5486e22", "auth_header": true, "final_user_id": "e4876892-72d5-412d-b110-1363d5486e22"}
{"timestamp": "2026-02-10T06:50:35.322915", "action": "Cr\u00e9ation", "passed_user_id": null, "g_has_user": true, "g_user": "e4876892-72d5-412d-b110-1363d5486e22", "auth_header": true, "final_user_id": "e4876892-72d5-412d-b110-1363d5486e22"}
{"timestamp": "2026-02-10T06:50:35.374034", "action": "Changement Statut", "passed_user_id": null, "g_has_user": true, "g_user": "e4876892-72d5-412d-b110-1363d5486e22", "auth_header": true, "final_user_id": "e4876892-72d5-412d-b110-1363d5486e22"}
{"timestamp": "2026-02-10T06:50:35.419130", "action": "Cr\u00e9ation", "passed_user_id": null, "g_has_user": true, "g_user": "e4876892-72d5-412d-b110-1363d5486e22", "auth_header": true, "final_user_id": "e4876892-72d5-412d-b110-1363d5486e22"}
{"timestamp": "2026-02-10T06:50:35.446821", "action": "Suppression", "passed_user_id": null, "g_has_user": true, "g_user": "e4876892-72d5-412d-b110-1363d5486e22", "auth_header": true, "final_user_id": "e4876892-72d5-412d-b110-1363d5486e22"}
{"timestamp": "2026-02-10T06:54:58.307618", "action": "Suppression", "passed_user_id": null, "g_has_user": true, "g_user": "c8047d01-0a45-44c7-9d86-1363a683acea", "auth_header": true, "final_user_id": "c8047d01-0a45-44c7-9d86-1363a683acea"}
{"timestamp": "2026-02-10T06:55:50.070811", "action": "Cr\u00e9ation", "passed_user_id": null, "g_has_user": true, "g_user": "50d74e39-79d3-4146-a838-9be81d8c66b9", "auth_header": true, "final_user_id": "50d74e39-79d3-4146-a838-9be81d8c66b9"}
{"timestamp": "2026-02-10T07:04:39.659149", "action": "Cr\u00e9ation", "passed_user_id": null, "g_has_user": true, "g_user": "50d74e39-79d3-4146-a838-9be81d8c66b9", "auth_header": true, "final_user_id": "50d74e39-79d3-4146-a838-9be81d8c66b9"}
{"timestamp": "2026-02-10T07:04:52.289076", "action": "Changement Statut", "passed_user_id": null, "g_has_user": true, "g_user": "c8047d01-0a45-44c7-9d86-1363a683acea", "auth_header": true, "final_user_id": "c8047d01-0a45-44c7-9d86-1363a683acea"}
{"timestamp": "2026-02-10T07:13:14.652674", "action": "Changement Statut", "passed_user_id": null, "g_has_user": true, "g_user": "c8047d01-0a45-44c7-9d86-1363a683acea", "auth_header": true, "final_user_id": "c8047d01-0a45-44c7-9d86-1363a683acea"}
{"timestamp": "2026-02-10T07:26:53.261013", "action": "Connexion", "passed_user_id": "c8047d01-0a45-44c7-9d86-1363a683acea", "g_has_user": false, "g_user": null, "auth_header": false, "final_user_id": "c8047d01-0a45-44c7-9d86-1363a683acea"}
{"timestamp": "2026-02-10T07:27:04.287932", "action": "Suppression", "passed_user_id": null, "g_has_user": true, "g_user": "c8047d01-0a45-44c7-9d86-1363a683acea", "auth_header": true, "final_user_id": "c8047d01-0a45-44c7-9d86-1363a683acea"}
{"timestamp": "2026-02-10T07:27:07.112902", "action": "Suppression", "passed_user_id": null, "g_has_user": true, "g_user": "c8047d01-0a45-44c7-9d86-1363a683acea", "auth_header": true, "final_user_id": "c8047d01-0a45-44c7-9d86-1363a683acea"}
{"timestamp": "2026-02-10T07:27:32.719949", "action": "Connexion", "passed_user_id": "50d74e39-79d3-4146-a838-9be81d8c66b9", "g_has_user": false, "g_user": null, "auth_header": false, "final_user_id": "50d74e39-79d3-4146-a838-9be81d8c66b9"}
{"timestamp": "2026-02-10T07:28:14.905981", "action": "Cr\u00e9ation", "passed_user_id": null, "g_has_user": true, "g_user": "50d74e39-79d3-4146-a838-9be81d8c66b9", "auth_header": true, "final_user_id": "50d74e39-79d3-4146-a838-9be81d8c66b9"}
{"timestamp": "2026-02-10T07:29:37.466237", "action": "Changement Statut", "passed_user_id": null, "g_has_user": true, "g_user": "c8047d01-0a45-44c7-9d86-1363a683acea", "auth_header": true, "final_user_id": "c8047d01-0a45-44c7-9d86-1363a683acea"}
{"timestamp": "2026-02-10T07:30:40.292653", "action": "Cr\u00e9ation", "passed_user_id": null, "g_has_user": true, "g_user": "50d74e39-79d3-4146-a838-9be81d8c66b9", "auth_header": true, "final_user_id": "50d74e39-79d3-4146-a838-9be81d8c66b9"}
{"timestamp": "2026-02-10T07:31:27.360445", "action": "Suppression", "passed_user_id": null, "g_has_user": true, "g_user": "50d74e39-79d3-4146-a838-9be81d8c66b9", "auth_header": true, "final_user_id": "50d74e39-79d3-4146-a838-9be81d8c66b9"}
{"timestamp": "2026-02-10T07:32:11.105682", "action": "Cr\u00e9ation", "passed_user_id": null, "g_has_user": true, "g_user": "50d74e39-79d3-4146-a838-9be81d8c66b9", "auth_header": true, "final_user_id": "50d74e39-79d3-4146-a838-9be81d8c66b9"}
{"timestamp": "2026-02-10T07:32:28.010374", "action": "Changement Statut", "passed_user_id": null, "g_has_user": true, "g_user": "50d74e39-79d3-4146-a838-9be81d8c66b9", "auth_header": true, "final_user_id": "50d74e39-79d3-4146-a838-9be81d8c66b9"}
{"timestamp": "2026-02-10T07:35:56.305162", "action": "Suppression", "passed_user_id": null, "g_has_user": true, "g_user": "50d74e39-79d3-4146-a838-9be81d8c66b9", "auth_header": true, "final_user_id": "50d74e39-79d3-4146-a838-9be81d8c66b9"}
{"timestamp": "2026-02-10T07:36:00.518063", "action": "Suppression", "passed_user_id": null, "g_has_user": true, "g_user": "50d74e39-79d3-4146-a838-9be81d8c66b9", "auth_header": true, "final_user_id": "50d74e39-79d3-4146-a838-9be81d8c66b9"}
{"timestamp": "2026-02-10T07:36:28.807135", "action": "Cr\u00e9ation", "passed_user_id": null, "g_has_user": true, "g_user": "50d74e39-79d3-4146-a838-9be81d8c66b9", "auth_header": true, "final_user_id": "50d74e39-79d3-4146-a838-9be81d8c66b9"}
{"timestamp": "2026-02-10T07:44:57.811602", "action": "Cr\u00e9ation", "passed_user_id": null, "g_has_user": true, "g_user": "50d74e39-79d3-4146-a838-9be81d8c66b9", "auth_header": true, "final_user_id": "50d74e39-79d3-4146-a838-9be81d8c66b9"}
{"timestamp": "2026-02-10T08:02:51.024490", "action": "Suppression", "passed_user_id": null, "g_has_user": true, "g_user": "c8047d01-0a45-44c7-9d86-1363a683acea", "auth_header": true, "final_user_id": "c8047d01-0a45-44c7-9d86-1363a683acea"}
{"timestamp": "2026-02-10T08:12:19.982535", "action": "Cr\u00e9ation", "passed_user_id": null, "g_has_user": true, "g_user": "c8047d01-0a45-44c7-9d86-1363a683acea", "auth_header": true, "final_user_id": "c8047d01-0a45-44c7-9d86-1363a683acea"}
{"timestamp": "2026-02-10T08:13:08.717308", "action": "Cr\u00e9ation", "passed_user_id": null, "g_has_user": true, "g_user": "c8047d01-0a45-44c7-9d86-1363a683acea", "auth_header": true, "final_user_id": "c8047d01-0a45-44c7-9d86-1363a683acea"}
{"timestamp": "2026-02-10T08:13:25.573853", "action": "Cr\u00e9ation", "passed_user_id": null, "g_has_user": true, "g_user": "c8047d01-0a45-44c7-9d86-1363a683acea", "auth_header": true, "final_user_id": "c8047d01-0a45-44c7-9d86-1363a683acea"}
{"timestamp": "2026-02-10T08:13:44.817125", "action": "Cr\u00e9ation", "passed_user_id": null, "g_has_user": true, "g_user": "c8047d01-0a45-44c7-9d86-1363a683acea", "auth_header": true, "final_user_id": "c8047d01-0a45-44c7-9d86-1363a683acea"}
{"timestamp": "2026-02-10T08:14:31.565950", "action": "Cr\u00e9ation", "passed_user_id": null, "g_has_user": true, "g_user": "c8047d01-0a45-44c7-9d86-1363a683acea", "auth_header": true, "final_user_id": "c8047d01-0a45-44c7-9d86-1363a683acea"}
{"timestamp": "2026-02-10T08:24:03.601654", "action": "Modification", "passed_user_id": null, "g_has_user": true, "g_user": "c8047d01-0a45-44c7-9d86-1363a683acea", "auth_header": true, "final_user_id": "c8047d01-0a45-44c7-9d86-1363a683acea"}
{"timestamp": "2026-02-10T08:25:15.293798", "action": "Modification", "passed_user_id": null, "g_has_user": true, "g_user": "c8047d01-0a45-44c7-9d86-1363a683acea", "auth_header": true, "final_user_id": "c8047d01-0a45-44c7-9d86-1363a683acea"}
{"timestamp": "2026-02-10T08:34:37.648026", "action": "Modification", "passed_user_id": null, "g_has_user": true, "g_user": "c8047d01-0a45-44c7-9d86-1363a683acea", "auth_header": true, "final_user_id": "c8047d01-0a45-44c7-9d86-1363a683acea"}
{"timestamp": "2026-02-10T10:14:56.455723", "action": "Cr\u00e9ation", "passed_user_id": null, "g_has_user": true, "g_user": "50d74e39-79d3-4146-a838-9be81d8c66b9", "auth_header": true, "final_user_id": "50d74e39-79d3-4146-a838-9be81d8c66b9"}
{"timestamp": "2026-02-10T10:15:08.118008", "action": "Suppression", "passed_user_id": null, "g_has_user": true, "g_user": "50d74e39-79d3-4146-a838-9be81d8c66b9", "auth_header": true, "final_user_id": "50d74e39-79d3-4146-a838-9be81d8c66b9"}
{"timestamp": "2026-02-10T10:15:44.072181", "action": "Cr\u00e9ation", "passed_user_id": null, "g_has_user": true, "g_user": "50d74e39-79d3-4146-a838-9be81d8c66b9", "auth_header": true, "final_user_id": "50d74e39-79d3-4146-a838-9be81d8c66b9"}
{"timestamp": "2026-02-10T10:16:32.194534", "action": "Cr\u00e9ation", "passed_user_id": null, "g_has_user": true, "g_user": "50d74e39-79d3-4146-a838-9be81d8c66b9", "auth_header": true, "final_user_id": "50d74e39-79d3-4146-a838-9be81d8c66b9"}
{"timestamp": "2026-02-10T10:16:55.145411", "action": "Cr\u00e9ation", "passed_user_id": null, "g_has_user": true, "g_user": "50d74e39-79d3-4146-a838-9be81d8c66b9", "auth_header": true, "final_user_id": "50d74e39-79d3-4146-a838-9be81d8c66b9"}
{"timestamp": "2026-02-10T10:17:14.211605", "action": "Cr\u00e9ation", "passed_user_id": null, "g_has_user": true, "g_user": "50d74e39-79d3-4146-a838-9be81d8c66b9", "auth_header": true, "final_user_id": "50d74e39-79d3-4146-a838-9be81d8c66b9"}
{"timestamp": "2026-02-10T10:18:07.560465", "action": "Modification", "passed_user_id": null, "g_has_user": true, "g_user": "c8047d01-0a45-44c7-9d86-1363a683acea", "auth_header": true, "final_user_id": "c8047d01-0a45-44c7-9d86-1363a683acea"}
{"timestamp": "2026-02-10T10:21:41.731638", "action": "Modification", "passed_user_id": null, "g_has_user": true, "g_user": "c8047d01-0a45-44c7-9d86-1363a683acea", "auth_header": true, "final_user_id": "c8047d01-0a45-44c7-9d86-1363a683acea"}
{"timestamp": "2026-02-10T12:04:46.299917", "action": "Cr\u00e9ation", "passed_user_id": null, "g_has_user": true, "g_user": "50d74e39-79d3-4146-a838-9be81d8c66b9", "auth_header": true, "final_user_id": "50d74e39-79d3-4146-a838-9be81d8c66b9"}
{"timestamp": "2026-02-10T12:05:20.904784", "action": "Suppression", "passed_user_id": null, "g_has_user": true, "g_user": "c8047d01-0a45-44c7-9d86-1363a683acea", "auth_header": true, "final_user_id": "c8047d01-0a45-44c7-9d86-1363a683acea"}
{"timestamp": "2026-02-10T12:07:07.828291", "action": "Modification", "passed_user_id": null, "g_has_user": true, "g_user": "c8047d01-0a45-44c7-9d86-1363a683acea", "auth_header": true, "final_user_id": "c8047d01-0a45-44c7-9d86-1363a683acea"}
{"timestamp": "2026-02-10T12:07:14.152846", "action": "Modification", "passed_user_id": null, "g_has_user": true, "g_user": "c8047d01-0a45-44c7-9d86-1363a683acea", "auth_header": true, "final_user_id": "c8047d01-0a45-44c7-9d86-1363a683acea"}
{"timestamp": "2026-02-10T12:35:08.615596", "action": "Suppression", "passed_user_id": null, "g_has_user": true, "g_user": "c8047d01-0a45-44c7-9d86-1363a683acea", "auth_header": true, "final_user_id": "c8047d01-0a45-44c7-9d86-1363a683acea"}
{"timestamp": "2026-02-10T12:35:14.105230", "action": "Suppression", "passed_user_id": null, "g_has_user": true, "g_user": "c8047d01-0a45-44c7-9d86-1363a683acea", "auth_header": true, "final_user_id": "c8047d01-0a45-44c7-9d86-1363a683acea"}
{"timestamp": "2026-02-10T12:36:21.141877", "action": "Suppression", "passed_user_id": null, "g_has_user": true, "g_user": "c8047d01-0a45-44c7-9d86-1363a683acea", "auth_header": true, "final_user_id": "c8047d01-0a45-44c7-9d86-1363a683acea"}
{"timestamp": "2026-02-10T12:37:26.195888", "action": "Suppression", "passed_user_id": null, "g_has_user": true, "g_user": "c8047d01-0a45-44c7-9d86-1363a683acea", "auth_header": true, "final_user_id": "c8047d01-0a45-44c7-9d86-1363a683acea"}
{"timestamp": "2026-02-10T12:37:29.847069", "action": "Suppression", "passed_user_id": null, "g_has_user": true, "g_user": "c8047d01-0a45-44c7-9d86-1363a683acea", "auth_header": true, "final_user_id": "c8047d01-0a45-44c7-9d86-1363a683acea"}
{"timestamp": "2026-02-10T12:38:23.869790", "action": "Modification", "passed_user_id": null, "g_has_user": true, "g_user": "c8047d01-0a45-44c7-9d86-1363a683acea", "auth_header": true, "final_user_id": "c8047d01-0a45-44c7-9d86-1363a683acea"}
{"timestamp": "2026-02-10T12:38:35.974411", "action": "Modification", "passed_user_id": null, "g_has_user": true, "g_user": "c8047d01-0a45-44c7-9d86-1363a683acea", "auth_header": true, "final_user_id": "c8047d01-0a45-44c7-9d86-1363a683acea"}
{"timestamp": "2026-02-10T12:48:01.865987", "action": "Modification", "passed_user_id": null, "g_has_user": true, "g_user": "c8047d01-0a45-44c7-9d86-1363a683acea", "auth_header": true, "final_user_id": "c8047d01-0a45-44c7-9d86-1363a683acea"}
{"timestamp": "2026-02-10T12:48:38.799068", "action": "Modification", "passed_user_id": null, "g_has_user": true, "g_user": "50d74e39-79d3-4146-a838-9be81d8c66b9", "auth_header": true, "final_user_id": "50d74e39-79d3-4146-a838-9be81d8c66b9"}
{"timestamp": "2026-02-10T12:48:59.906755", "action": "Modification", "passed_user_id": null, "g_has_user": true, "g_user": "50d74e39-79d3-4146-a838-9be81d8c66b9", "auth_header": true, "final_user_id": "50d74e39-79d3-4146-a838-9be81d8c66b9"}
{"timestamp": "2026-02-10T12:49:37.753575", "action": "Modification", "passed_user_id": null, "g_has_user": true, "g_user": "c8047d01-0a45-44c7-9d86-1363a683acea", "auth_header": true, "final_user_id": "c8047d01-0a45-44c7-9d86-1363a683acea"}
{"timestamp": "2026-02-10T12:50:04.284009", "action": "Modification", "passed_user_id": null, "g_has_user": true, "g_user": "c8047d01-0a45-44c7-9d86-1363a683acea", "auth_header": true, "final_user_id": "c8047d01-0a45-44c7-9d86-1363a683acea"}
{"timestamp": "2026-02-10T12:57:28.141293", "action": "Modification", "passed_user_id": null, "g_has_user": true, "g_user": "c8047d01-0a45-44c7-9d86-1363a683acea", "auth_header": true, "final_user_id": "c8047d01-0a45-44c7-9d86-1363a683acea"}
{"timestamp": "2026-02-10T12:57:50.072872", "action": "Modification", "passed_user_id": null, "g_has_user": true, "g_user": "c8047d01-0a45-44c7-9d86-1363a683acea", "auth_header": true, "final_user_id": "c8047d01-0a45-44c7-9d86-1363a683acea"}
{"timestamp": "2026-02-10T12:58:04.597744", "action": "Modification", "passed_user_id": null, "g_has_user": true, "g_user": "c8047d01-0a45-44c7-9d86-1363a683acea", "auth_header": true, "final_user_id": "c8047d01-0a45-44c7-9d86-1363a683acea"}
{"timestamp": "2026-02-10T12:58:18.640562", "action": "Modification", "passed_user_id": null, "g_has_user": true, "g_user": "c8047d01-0a45-44c7-9d86-1363a683acea", "auth_header": true, "final_user_id": "c8047d01-0a45-44c7-9d86-1363a683acea"}
{"timestamp": "2026-02-10T13:19:50.652214", "action": "Cr\u00e9ation", "passed_user_id": null, "g_has_user": true, "g_user": "c8047d01-0a45-44c7-9d86-1363a683acea", "auth_header": true, "final_user_id": "c8047d01-0a45-44c7-9d86-1363a683acea"}
{"timestamp": "2026-02-10T13:20:46.112700", "action": "Cr\u00e9ation", "passed_user_id": null, "g_has_user": true, "g_user": "c8047d01-0a45-44c7-9d86-1363a683acea", "auth_header": true, "final_user_id": "c8047d01-0a45-44c7-9d86-1363a683acea"}
{"timestamp": "2026-02-10T13:20:57.855948", "action": "Modification", "passed_user_id": null, "g_has_user": true, "g_user": "c8047d01-0a45-44c7-9d86-1363a683acea", "auth_header": true, "final_user_id": "c8047d01-0a45-44c7-9d86-1363a683acea"}
{"timestamp": "2026-02-10T13:21:40.600850", "action": "Modification", "passed_user_id": null, "g_has_user": true, "g_user": "c8047d01-0a45-44c7-9d86-1363a683acea", "auth_header": true, "final_user_id": "c8047d01-0a45-44c7-9d86-1363a683acea"}
{"timestamp": "2026-02-10T13:22:18.724375", "action": "Modification", "passed_user_id": null, "g_has_user": true, "g_user": "c8047d01-0a45-44c7-9d86-1363a683acea", "auth_header": true, "final_user_id": "c8047d01-0a45-44c7-9d86-1363a683acea"}
{"timestamp": "2026-02-10T13:22:24.586740", "action": "Suppression", "passed_user_id": null, "g_has_user": true, "g_user": "c8047d01-0a45-44c7-9d86-1363a683acea", "auth_header": true, "final_user_id": "c8047d01-0a45-44c7-9d86-1363a683acea"}
{"timestamp": "2026-02-10T13:22:46.438721", "action": "Modification", "passed_user_id": null, "g_has_user": true, "g_user": "c8047d01-0a45-44c7-9d86-1363a683acea", "auth_header": true, "final_user_id": "c8047d01-0a45-44c7-9d86-1363a683acea"}
{"timestamp": "2026-02-10T13:23:17.636044", "action": "Modification", "passed_user_id": null, "g_has_user": true, "g_user": "c8047d01-0a45-44c7-9d86-1363a683acea", "auth_header": true, "final_user_id": "c8047d01-0a45-44c7-9d86-1363a683acea"}
{"timestamp": "2026-02-10T13:33:29.450369", "action": "Modification", "passed_user_id": null, "g_has_user": true, "g_user": "c8047d01-0a45-44c7-9d86-1363a683acea", "auth_header": true, "final_user_id": "c8047d01-0a45-44c7-9d86-1363a683acea"}
{"timestamp": "2026-02-10T13:33:40.382559", "action": "Modification", "passed_user_id": null, "g_has_user": true, "g_user": "c8047d01-0a45-44c7-9d86-1363a683acea", "auth_header": true, "final_user_id": "c8047d01-0a45-44c7-9d86-1363a683acea"}
{"timestamp": "2026-02-10T13:51:05.815596", "action": "Cr\u00e9ation", "passed_user_id": null, "g_has_user": true, "g_user": "50d74e39-79d3-4146-a838-9be81d8c66b9", "auth_header": true, "final_user_id": "50d74e39-79d3-4146-a838-9be81d8c66b9"}
{"timestamp": "2026-02-10T13:51:45.044034", "action": "Modification", "passed_user_id": null, "g_has_user": true, "g_user": "c8047d01-0a45-44c7-9d86-1363a683acea", "auth_header": true, "final_user_id": "c8047d01-0a45-44c7-9d86-1363a683acea"}
{"timestamp": "2026-02-11T05:38:18.419800", "action": "Suppression", "passed_user_id": null, "g_has_user": true, "g_user": "c8047d01-0a45-44c7-9d86-1363a683acea", "auth_header": true, "final_user_id": "c8047d01-0a45-44c7-9d86-1363a683acea"}
{"timestamp": "2026-02-11T05:38:22.895541", "action": "Suppression", "passed_user_id": null, "g_has_user": true, "g_user": "c8047d01-0a45-44c7-9d86-1363a683acea", "auth_header": true, "final_user_id": "c8047d01-0a45-44c7-9d86-1363a683acea"}
{"timestamp": "2026-02-11T05:38:52.535810", "action": "Cr\u00e9ation", "passed_user_id": null, "g_has_user": true, "g_user": "c8047d01-0a45-44c7-9d86-1363a683acea", "auth_header": true, "final_user_id": "c8047d01-0a45-44c7-9d86-1363a683acea"}
{"timestamp": "2026-02-11T05:39:03.522731", "action": "Modification", "passed_user_id": null, "g_has_user": true, "g_user": "c8047d01-0a45-44c7-9d86-1363a683acea", "auth_header": true, "final_user_id": "c8047d01-0a45-44c7-9d86-1363a683acea"}
{"timestamp": "2026-02-11T05:48:18.800880", "action": "Suppression", "passed_user_id": null, "g_has_user": true, "g_user": "c8047d01-0a45-44c7-9d86-1363a683acea", "auth_header": true, "final_user_id": "c8047d01-0a45-44c7-9d86-1363a683acea"}
{"timestamp": "2026-02-11T05:48:39.967510", "action": "Cr\u00e9ation", "passed_user_id": null, "g_has_user": true, "g_user": "c8047d01-0a45-44c7-9d86-1363a683acea", "auth_header": true, "final_user_id": "c8047d01-0a45-44c7-9d86-1363a683acea"}
{"timestamp": "2026-02-11T05:49:31.603227", "action": "Cr\u00e9ation", "passed_user_id": null, "g_has_user": true, "g_user": "c8047d01-0a45-44c7-9d86-1363a683acea", "auth_header": true, "final_user_id": "c8047d01-0a45-44c7-9d86-1363a683acea"}
{"timestamp": "2026-02-11T05:49:45.016748", "action": "Modification", "passed_user_id": null, "g_has_user": true, "g_user": "c8047d01-0a45-44c7-9d86-1363a683acea", "auth_header": true, "final_user_id": "c8047d01-0a45-44c7-9d86-1363a683acea"}
{"timestamp": "2026-02-11T05:52:39.783864", "action": "Cr\u00e9ation", "passed_user_id": null, "g_has_user": true, "g_user": "c8047d01-0a45-44c7-9d86-1363a683acea", "auth_header": true, "final_user_id": "c8047d01-0a45-44c7-9d86-1363a683acea"}
{"timestamp": "2026-02-11T05:52:44.441375", "action": "Modification", "passed_user_id": null, "g_has_user": true, "g_user": "c8047d01-0a45-44c7-9d86-1363a683acea", "auth_header": true, "final_user_id": "c8047d01-0a45-44c7-9d86-1363a683acea"}
{"timestamp": "2026-02-11T06:03:30.061231", "action": "Suppression", "passed_user_id": null, "g_has_user": true, "g_user": "c8047d01-0a45-44c7-9d86-1363a683acea", "auth_header": true, "final_user_id": "c8047d01-0a45-44c7-9d86-1363a683acea"}
{"timestamp": "2026-02-11T06:03:51.185320", "action": "Cr\u00e9ation", "passed_user_id": null, "g_has_user": true, "g_user": "c8047d01-0a45-44c7-9d86-1363a683acea", "auth_header": true, "final_user_id": "c8047d01-0a45-44c7-9d86-1363a683acea"}
{"timestamp": "2026-02-11T06:04:10.180156", "action": "Modification", "passed_user_id": null, "g_has_user": true, "g_user": "c8047d01-0a45-44c7-9d86-1363a683acea", "auth_header": true, "final_user_id": "c8047d01-0a45-44c7-9d86-1363a683acea"}
{"timestamp": "2026-02-11T06:12:28.508542", "action": "Suppression", "passed_user_id": null, "g_has_user": true, "g_user": "c8047d01-0a45-44c7-9d86-1363a683acea", "auth_header": true, "final_user_id": "c8047d01-0a45-44c7-9d86-1363a683acea"}
{"timestamp": "2026-02-11T06:16:34.658440", "action": "Suppression", "passed_user_id": null, "g_has_user": true, "g_user": "c8047d01-0a45-44c7-9d86-1363a683acea", "auth_header": true, "final_user_id": "c8047d01-0a45-44c7-9d86-1363a683acea"}
{"timestamp": "2026-02-11T06:17:03.446661", "action": "Cr\u00e9ation", "passed_user_id": null, "g_has_user": true, "g_user": "c8047d01-0a45-44c7-9d86-1363a683acea", "auth_header": true, "final_user_id": "c8047d01-0a45-44c7-9d86-1363a683acea"}
{"timestamp": "2026-02-11T06:17:09.298901", "action": "Modification", "passed_user_id": null, "g_has_user": true, "g_user": "c8047d01-0a45-44c7-9d86-1363a683acea", "auth_header": true, "final_user_id": "c8047d01-0a45-44c7-9d86-1363a683acea"}
{"timestamp": "2026-02-11T07:12:24.738428", "action": "Modification", "passed_user_id": null, "g_has_user": true, "g_user": "c8047d01-0a45-44c7-9d86-1363a683acea", "auth_header": true, "final_user_id": "c8047d01-0a45-44c7-9d86-1363a683acea"}
{"timestamp": "2026-02-11T07:13:08.267843", "action": "Cr\u00e9ation", "passed_user_id": null, "g_has_user": true, "g_user": "c8047d01-0a45-44c7-9d86-1363a683acea", "auth_header": true, "final_user_id": "c8047d01-0a45-44c7-9d86-1363a683acea"}
{"timestamp": "2026-02-11T07:13:15.591870", "action": "Modification", "passed_user_id": null, "g_has_user": true, "g_user": "c8047d01-0a45-44c7-9d86-1363a683acea", "auth_header": true, "final_user_id": "c8047d01-0a45-44c7-9d86-1363a683acea"}
{"timestamp": "2026-02-11T07:13:54.295552", "action": "Cr\u00e9ation", "passed_user_id": null, "g_has_user": true, "g_user": "c8047d01-0a45-44c7-9d86-1363a683acea", "auth_header": true, "final_user_id": "c8047d01-0a45-44c7-9d86-1363a683acea"}
{"timestamp": "2026-02-11T07:14:05.029525", "action": "Modification", "passed_user_id": null, "g_has_user": true, "g_user": "c8047d01-0a45-44c7-9d86-1363a683acea", "auth_header": true, "final_user_id": "c8047d01-0a45-44c7-9d86-1363a683acea"}
{"timestamp": "2026-02-11T07:14:29.354128", "action": "Suppression", "passed_user_id": null, "g_has_user": true, "g_user": "c8047d01-0a45-44c7-9d86-1363a683acea", "auth_header": true, "final_user_id": "c8047d01-0a45-44c7-9d86-1363a683acea"}
{"timestamp": "2026-02-11T07:14:56.198433", "action": "Cr\u00e9ation", "passed_user_id": null, "g_has_user": true, "g_user": "c8047d01-0a45-44c7-9d86-1363a683acea", "auth_header": true, "final_user_id": "c8047d01-0a45-44c7-9d86-1363a683acea"}
{"timestamp": "2026-02-11T07:14:59.069299", "action": "Modification", "passed_user_id": null, "g_has_user": true, "g_user": "c8047d01-0a45-44c7-9d86-1363a683acea", "auth_header": true, "final_user_id": "c8047d01-0a45-44c7-9d86-1363a683acea"}
{"timestamp": "2026-02-11T07:16:27.248490", "action": "Cr\u00e9ation", "passed_user_id": null, "g_has_user": true, "g_user": "c8047d01-0a45-44c7-9d86-1363a683acea", "auth_header": true, "final_user_id": "c8047d01-0a45-44c7-9d86-1363a683acea"}
{"timestamp": "2026-02-11T07:16:42.586723", "action": "Modification", "passed_user_id": null, "g_has_user": true, "g_user": "c8047d01-0a45-44c7-9d86-1363a683acea", "auth_header": true, "final_user_id": "c8047d01-0a45-44c7-9d86-1363a683acea"}
{"timestamp": "2026-02-11T07:17:38.317163", "action": "Cr\u00e9ation", "passed_user_id": null, "g_has_user": true, "g_user": "c8047d01-0a45-44c7-9d86-1363a683acea", "auth_header": true, "final_user_id": "c8047d01-0a45-44c7-9d86-1363a683acea"}
{"timestamp": "2026-02-11T07:17:41.462889", "action": "Modification", "passed_user_id": null, "g_has_user": true, "g_user": "c8047d01-0a45-44c7-9d86-1363a683acea", "auth_header": true, "final_user_id": "c8047d01-0a45-44c7-9d86-1363a683acea"}
{"timestamp": "2026-02-11T07:19:23.045473", "action": "Cr\u00e9ation", "passed_user_id": null, "g_has_user": true, "g_user": "c8047d01-0a45-44c7-9d86-1363a683acea", "auth_header": true, "final_user_id": "c8047d01-0a45-44c7-9d86-1363a683acea"}
{"timestamp": "2026-02-11T07:19:26.215861", "action": "Modification", "passed_user_id": null, "g_has_user": true, "g_user": "c8047d01-0a45-44c7-9d86-1363a683acea", "auth_header": true, "final_user_id": "c8047d01-0a45-44c7-9d86-1363a683acea"}
{"timestamp": "2026-02-11T08:22:29.985356", "action": "Modification", "passed_user_id": null, "g_has_user": true, "g_user": "c8047d01-0a45-44c7-9d86-1363a683acea", "auth_header": true, "final_user_id": "c8047d01-0a45-44c7-9d86-1363a683acea"}
{"timestamp": "2026-02-11T08:23:47.767216", "action": "Suppression", "passed_user_id": null, "g_has_user": true, "g_user": "c8047d01-0a45-44c7-9d86-1363a683acea", "auth_header": true, "final_user_id": "c8047d01-0a45-44c7-9d86-1363a683acea"}
{"timestamp": "2026-02-11T08:24:24.358258", "action": "Cr\u00e9ation", "passed_user_id": null, "g_has_user": true, "g_user": "c8047d01-0a45-44c7-9d86-1363a683acea", "auth_header": true, "final_user_id": "c8047d01-0a45-44c7-9d86-1363a683acea"}
{"timestamp": "2026-02-11T08:24:27.558663", "action": "Modification", "passed_user_id": null, "g_has_user": true, "g_user": "c8047d01-0a45-44c7-9d86-1363a683acea", "auth_header": true, "final_user_id": "c8047d01-0a45-44c7-9d86-1363a683acea"}
{"timestamp": "2026-02-11T08:26:41.993542", "action": "Cr\u00e9ation", "passed_user_id": null, "g_has_user": true, "g_user": "c8047d01-0a45-44c7-9d86-1363a683acea", "auth_header": true, "final_user_id": "c8047d01-0a45-44c7-9d86-1363a683acea"}
{"timestamp": "2026-02-11T08:26:46.145606", "action": "Modification", "passed_user_id": null, "g_has_user": true, "g_user": "c8047d01-0a45-44c7-9d86-1363a683acea", "auth_header": true, "final_user_id": "c8047d01-0a45-44c7-9d86-1363a683acea"}
{"timestamp": "2026-02-11T08:29:09.494636", "action": "Cr\u00e9ation", "passed_user_id": null, "g_has_user": true, "g_user": "c8047d01-0a45-44c7-9d86-1363a683acea", "auth_header": true, "final_user_id": "c8047d01-0a45-44c7-9d86-1363a683acea"}
{"timestamp": "2026-02-11T08:34:51.174880", "action": "Modification", "passed_user_id": null, "g_has_user": true, "g_user": "c8047d01-0a45-44c7-9d86-1363a683acea", "auth_header": true, "final_user_id": "c8047d01-0a45-44c7-9d86-1363a683acea"}
{"timestamp": "2026-02-11T08:35:08.546943", "action": "Modification", "passed_user_id": null, "g_has_user": true, "g_user": "c8047d01-0a45-44c7-9d86-1363a683acea", "auth_header": true, "final_user_id": "c8047d01-0a45-44c7-9d86-1363a683acea"}
{"timestamp": "2026-02-11T08:41:13.765297", "action": "Cr\u00e9ation", "passed_user_id": null, "g_has_user": true, "g_user": "50d74e39-79d3-4146-a838-9be81d8c66b9", "auth_header": true, "final_user_id": "50d74e39-79d3-4146-a838-9be81d8c66b9"}
{"timestamp": "2026-02-11T08:46:45.439117", "action": "Modification", "passed_user_id": null, "g_has_user": true, "g_user": "c8047d01-0a45-44c7-9d86-1363a683acea", "auth_header": true, "final_user_id": "c8047d01-0a45-44c7-9d86-1363a683acea"}
{"timestamp": "2026-02-11T08:52:05.601982", "action": "Suppression", "passed_user_id": null, "g_has_user": true, "g_user": "c8047d01-0a45-44c7-9d86-1363a683acea", "auth_header": true, "final_user_id": "c8047d01-0a45-44c7-9d86-1363a683acea"}
{"timestamp": "2026-02-11T10:25:25.165167", "action": "Cr\u00e9ation", "passed_user_id": null, "g_has_user": true, "g_user": "c8047d01-0a45-44c7-9d86-1363a683acea", "auth_header": true, "final_user_id": "c8047d01-0a45-44c7-9d86-1363a683acea"}
{"timestamp": "2026-02-11T10:25:50.671807", "action": "Modification", "passed_user_id": null, "g_has_user": true, "g_user": "c8047d01-0a45-44c7-9d86-1363a683acea", "auth_header": true, "final_user_id": "c8047d01-0a45-44c7-9d86-1363a683acea"}
{"timestamp": "2026-02-11T10:29:37.902377", "action": "Suppression", "passed_user_id": null, "g_has_user": true, "g_user": "c8047d01-0a45-44c7-9d86-1363a683acea", "auth_header": true, "final_user_id": "c8047d01-0a45-44c7-9d86-1363a683acea"}
{"timestamp": "2026-02-11T10:29:43.304416", "action": "Suppression", "passed_user_id": null, "g_has_user": true, "g_user": "c8047d01-0a45-44c7-9d86-1363a683acea", "auth_header": true, "final_user_id": "c8047d01-0a45-44c7-9d86-1363a683acea"}
{"timestamp": "2026-02-11T10:29:48.717085", "action": "Suppression", "passed_user_id": null, "g_has_user": true, "g_user": "c8047d01-0a45-44c7-9d86-1363a683acea", "auth_header": true, "final_user_id": "c8047d01-0a45-44c7-9d86-1363a683acea"}
{"timestamp": "2026-02-11T10:42:55.506171", "action": "Cr\u00e9ation", "passed_user_id": null, "g_has_user": true, "g_user": "c8047d01-0a45-44c7-9d86-1363a683acea", "auth_header": true, "final_user_id": "c8047d01-0a45-44c7-9d86-1363a683acea"}
{"timestamp": "2026-02-11T10:44:14.474129", "action": "Modification", "passed_user_id": null, "g_has_user": true, "g_user": "c8047d01-0a45-44c7-9d86-1363a683acea", "auth_header": true, "final_user_id": "c8047d01-0a45-44c7-9d86-1363a683acea"}
{"timestamp": "2026-02-11T10:44:35.031287", "action": "Suppression", "passed_user_id": null, "g_has_user": true, "g_user": "c8047d01-0a45-44c7-9d86-1363a683acea", "auth_header": true, "final_user_id": "c8047d01-0a45-44c7-9d86-1363a683acea"}
{"timestamp": "2026-02-11T11:45:18.613570", "action": "Modification R\u00f4le", "passed_user_id": null, "g_has_user": true, "g_user": "c8047d01-0a45-44c7-9d86-1363a683acea", "auth_header": true, "final_user_id": "c8047d01-0a45-44c7-9d86-1363a683acea"}
{"timestamp": "2026-02-11T11:45:37.533786", "action": "D\u00e9connexion", "passed_user_id": "50d74e39-79d3-4146-a838-9be81d8c66b9", "g_has_user": true, "g_user": "50d74e39-79d3-4146-a838-9be81d8c66b9", "auth_header": true, "final_user_id": "50d74e39-79d3-4146-a838-9be81d8c66b9"}
{"timestamp": "2026-02-11T11:45:54.457699", "action": "Suppression", "passed_user_id": null, "g_has_user": true, "g_user": "c8047d01-0a45-44c7-9d86-1363a683acea", "auth_header": true, "final_user_id": "c8047d01-0a45-44c7-9d86-1363a683acea"}
{"timestamp": "2026-02-11T11:46:43.303817", "action": "Connexion", "passed_user_id": "a1b111ce-9dcc-47b8-834c-8b930546237d", "g_has_user": false, "g_user": null, "auth_header": false, "final_user_id": "a1b111ce-9dcc-47b8-834c-8b930546237d"}
{"timestamp": "2026-02-11T12:59:32.577238", "action": "Cr\u00e9ation", "passed_user_id": null, "g_has_user": false, "g_user": null, "auth_header": true, "manual_user": "a1b111ce-9dcc-47b8-834c-8b930546237d", "final_user_id": "a1b111ce-9dcc-47b8-834c-8b930546237d"}
{"timestamp": "2026-02-11T13:01:53.926480", "action": "D\u00e9connexion", "passed_user_id": "a1b111ce-9dcc-47b8-834c-8b930546237d", "g_has_user": true, "g_user": "a1b111ce-9dcc-47b8-834c-8b930546237d", "auth_header": true, "final_user_id": "a1b111ce-9dcc-47b8-834c-8b930546237d"}
{"timestamp": "2026-02-11T13:02:08.173969", "action": "Connexion", "passed_user_id": "50d74e39-79d3-4146-a838-9be81d8c66b9", "g_has_user": false, "g_user": null, "auth_header": false, "final_user_id": "50d74e39-79d3-4146-a838-9be81d8c66b9"}
{"timestamp": "2026-02-11T13:04:48.628345", "action": "Cr\u00e9ation", "passed_user_id": null, "g_has_user": false, "g_user": null, "auth_header": true, "manual_user": "50d74e39-79d3-4146-a838-9be81d8c66b9", "final_user_id": "50d74e39-79d3-4146-a838-9be81d8c66b9"}
{"timestamp": "2026-02-11T13:41:37.748628", "action": "Connexion", "passed_user_id": "d36d78f7-0239-4f91-b3d8-67b34eb4445e", "g_has_user": false, "g_user": null, "auth_header": false, "final_user_id": "d36d78f7-0239-4f91-b3d8-67b34eb4445e"}
{"timestamp": "2026-02-12T05:30:29.725499", "action": "D\u00e9connexion", "passed_user_id": "50d74e39-79d3-4146-a838-9be81d8c66b9", "g_has_user": true, "g_user": "50d74e39-79d3-4146-a838-9be81d8c66b9", "auth_header": true, "final_user_id": "50d74e39-79d3-4146-a838-9be81d8c66b9"}
{"timestamp": "2026-02-12T05:38:29.676301", "action": "Modification R\u00f4le", "passed_user_id": null, "g_has_user": true, "g_user": "c8047d01-0a45-44c7-9d86-1363a683acea", "auth_header": true, "final_user_id": "c8047d01-0a45-44c7-9d86-1363a683acea"}
{"timestamp": "2026-02-12T05:38:37.642398", "action": "Modification R\u00f4le", "passed_user_id": null, "g_has_user": true, "g_user": "c8047d01-0a45-44c7-9d86-1363a683acea", "auth_header": true, "final_user_id": "c8047d01-0a45-44c7-9d86-1363a683acea"}
{"timestamp": "2026-02-12T05:38:55.592442", "action": "Connexion", "passed_user_id": "4c375fcd-19bd-46bb-97d0-240f383728bc", "g_has_user": false, "g_user": null, "auth_header": false, "final_user_id": "4c375fcd-19bd-46bb-97d0-240f383728bc"}
{"timestamp": "2026-02-12T05:40:46.748635", "action": "Cr\u00e9ation", "passed_user_id": null, "g_has_user": true, "g_user": "4c375fcd-19bd-46bb-97d0-240f383728bc", "auth_header": true, "final_user_id": "4c375fcd-19bd-46bb-97d0-240f383728bc"}
{"timestamp": "2026-02-12T05:41:49.538583", "action": "Modification", "passed_user_id": null, "g_has_user": true, "g_user": "c8047d01-0a45-44c7-9d86-1363a683acea", "auth_header": true, "final_user_id": "c8047d01-0a45-44c7-9d86-1363a683acea"}
{"timestamp": "2026-02-12T05:45:11.279213", "action": "Cr\u00e9ation", "passed_user_id": null, "g_has_user": false, "g_user": null, "auth_header": true, "manual_user": "4c375fcd-19bd-46bb-97d0-240f383728bc", "final_user_id": "4c375fcd-19bd-46bb-97d0-240f383728bc"}
{"timestamp": "2026-02-12T05:46:04.144462", "action": "Modification", "passed_user_id": null, "g_has_user": false, "g_user": null, "auth_header": true, "manual_user": "c8047d01-0a45-44c7-9d86-1363a683acea", "final_user_id": "c8047d01-0a45-44c7-9d86-1363a683acea"}
{"timestamp": "2026-02-12T05:59:56.544767", "action": "Connexion", "passed_user_id": "50d74e39-79d3-4146-a838-9be81d8c66b9", "g_has_user": false, "g_user": null, "auth_header": false, "final_user_id": "50d74e39-79d3-4146-a838-9be81d8c66b9"}
{"timestamp": "2026-02-12T06:41:04.776472", "action": "Cr\u00e9ation", "passed_user_id": null, "g_has_user": true, "g_user": "c8047d01-0a45-44c7-9d86-1363a683acea", "auth_header": true, "final_user_id": "c8047d01-0a45-44c7-9d86-1363a683acea"}
{"timestamp": "2026-02-12T06:41:30.385027", "action": "Changement Statut", "passed_user_id": null, "g_has_user": true, "g_user": "c8047d01-0a45-44c7-9d86-1363a683acea", "auth_header": true, "final_user_id": "c8047d01-0a45-44c7-9d86-1363a683acea"}
{"timestamp": "2026-02-12T06:44:28.863724", "action": "Cr\u00e9ation", "passed_user_id": null, "g_has_user": true, "g_user": "c8047d01-0a45-44c7-9d86-1363a683acea", "auth_header": true, "final_user_id": "c8047d01-0a45-44c7-9d86-1363a683acea"}
{"timestamp": "2026-02-12T06:45:46.519248", "action": "Cr\u00e9ation", "passed_user_id": null, "g_has_user": true, "g_user": "c8047d01-0a45-44c7-9d86-1363a683acea", "auth_header": true, "final_user_id": "c8047d01-0a45-44c7-9d86-1363a683acea"}
{"timestamp": "2026-02-12T07:41:14.635357", "action": "Modification", "passed_user_id": null, "g_has_user": true, "g_user": "c8047d01-0a45-44c7-9d86-1363a683acea", "auth_header": true, "final_user_id": "c8047d01-0a45-44c7-9d86-1363a683acea"}
{"timestamp": "2026-02-12T07:44:53.162803", "action": "Cr\u00e9ation", "passed_user_id": null, "g_has_user": true, "g_user": "c8047d01-0a45-44c7-9d86-1363a683acea", "auth_header": true, "final_user_id": "c8047d01-0a45-44c7-9d86-1363a683acea"}
{"timestamp": "2026-02-12T12:59:36.864290", "action": "Cr\u00e9ation", "passed_user_id": null, "g_has_user": true, "g_user": "50d74e39-79d3-4146-a838-9be81d8c66b9", "auth_header": true, "final_user_id": "50d74e39-79d3-4146-a838-9be81d8c66b9"}
{"timestamp": "2026-02-12T13:02:38.043770", "action": "Modification", "passed_user_id": null, "g_has_user": true, "g_user": "c8047d01-0a45-44c7-9d86-1363a683acea", "auth_header": true, "final_user_id": "c8047d01-0a45-44c7-9d86-1363a683acea"}
{"timestamp": "2026-02-12T13:03:03.881008", "action": "Modification", "passed_user_id": null, "g_has_user": true, "g_user": "c8047d01-0a45-44c7-9d86-1363a683acea", "auth_header": true, "final_user_id": "c8047d01-0a45-44c7-9d86-1363a683acea"}
{"timestamp": "2026-02-13T06:46:56.622915", "action": "D\u00e9connexion", "passed_user_id": "50d74e39-79d3-4146-a838-9be81d8c66b9", "g_has_user": true, "g_user": "50d74e39-79d3-4146-a838-9be81d8c66b9", "auth_header": true, "final_user_id": "50d74e39-79d3-4146-a838-9be81d8c66b9"}
{"timestamp": "2026-02-13T06:47:41.674624", "action": "Connexion", "passed_user_id": "c8047d01-0a45-44c7-9d86-1363a683acea", "g_has_user": false, "g_user": null, "auth_header": false, "final_user_id": "c8047d01-0a45-44c7-9d86-1363a683acea"}
{"timestamp": "2026-02-13T06:48:39.642883", "action": "Modification", "passed_user_id": null, "g_has_user": true, "g_user": "c8047d01-0a45-44c7-9d86-1363a683acea", "auth_header": true, "final_user_id": "c8047d01-0a45-44c7-9d86-1363a683acea"}
{"timestamp": "2026-02-13T06:50:31.274407", "action": "D\u00e9connexion", "passed_user_id": "c8047d01-0a45-44c7-9d86-1363a683acea", "g_has_user": true, "g_user": "c8047d01-0a45-44c7-9d86-1363a683acea", "auth_header": true, "final_user_id": "c8047d01-0a45-44c7-9d86-1363a683acea"}
{"timestamp": "2026-02-13T06:50:53.404159", "action": "Connexion", "passed_user_id": "a1b111ce-9dcc-47b8-834c-8b930546237d", "g_has_user": false, "g_user": null, "auth_header": false, "final_user_id": "a1b111ce-9dcc-47b8-834c-8b930546237d"}
{"timestamp": "2026-02-13T06:51:53.943122", "action": "Connexion", "passed_user_id": "c8047d01-0a45-44c7-9d86-1363a683acea", "g_has_user": false, "g_user": null, "auth_header": false, "final_user_id": "c8047d01-0a45-44c7-9d86-1363a683acea"}
